[1;33m----------------------------------------------------------------------[0m
[1;33m  Escenario 5: POST /login - 30 usuarios concurrentes[0m
[1;33m  Comando: ab -g results_data/escenario5.txt -n 300 -c 30 -p results_data/login_payload.json -T application/json -H Accept: application/json https://titicaca-cleantech.vercel.app/login[0m
[1;33m----------------------------------------------------------------------[0m
This is ApacheBench, Version 2.3 <$Revision: 1923142 $>
Copyright 1996 Adam Twiss, Zeus Technology Ltd, http://www.zeustech.net/
Licensed to The Apache Software Foundation, http://www.apache.org/

Benchmarking titicaca-cleantech.vercel.app (be patient)
SSL read failed (1) - closing connection
004C6D3503720000:error:0A000126:SSL routines::unexpected eof while reading:../ssl/record/rec_layer_s3.c:698:
SSL read failed (1) - closing connection
004C6D3503720000:error:0A000126:SSL routines::unexpected eof while reading:../ssl/record/rec_layer_s3.c:698:
SSL read failed (1) - closing connection
004C6D3503720000:error:0A000197:SSL routines:SSL_shutdown:shutdown while in init:../ssl/ssl_lib.c:2797:
SSL read failed (1) - closing connection
004C6D3503720000:error:0A000126:SSL routines::unexpected eof while reading:../ssl/record/rec_layer_s3.c:698:
SSL read failed (1) - closing connection
004C6D3503720000:error:0A000197:SSL routines:SSL_shutdown:shutdown while in init:../ssl/ssl_lib.c:2797:
SSL read failed (1) - closing connection
004C6D3503720000:error:0A000126:SSL routines::unexpected eof while reading:../ssl/record/rec_layer_s3.c:698:
SSL read failed (1) - closing connection
004C6D3503720000:error:0A000197:SSL routines:SSL_shutdown:shutdown while in init:../ssl/ssl_lib.c:2797:
004C6D3503720000:error:0A000126:SSL routines::unexpected eof while reading:../ssl/record/rec_layer_s3.c:698:
SSL read failed (1) - closing connection
004C6D3503720000:error:0A000197:SSL routines:SSL_shutdown:shutdown while in init:../ssl/ssl_lib.c:2797:
004C6D3503720000:error:0A000126:SSL routines::unexpected eof while reading:../ssl/record/rec_layer_s3.c:698:
SSL read failed (1) - closing connection
004C6D3503720000:error:0A000126:SSL routines::unexpected eof while reading:../ssl/record/rec_layer_s3.c:698:
SSL read failed (1) - closing connection
004C6D3503720000:error:0A000197:SSL routines:SSL_shutdown:shutdown while in init:../ssl/ssl_lib.c:2797:
SSL read failed (1) - closing connection
004C6D3503720000:error:0A000126:SSL routines::unexpected eof while reading:../ssl/record/rec_layer_s3.c:698:
SSL read failed (1) - closing connection
004C6D3503720000:error:0A000197:SSL routines:SSL_shutdown:shutdown while in init:../ssl/ssl_lib.c:2797:
SSL read failed (1) - closing connection
004C6D3503720000:error:0A000126:SSL routines::unexpected eof while reading:../ssl/record/rec_layer_s3.c:698:
SSL read failed (1) - closing connection
004C6D3503720000:error:0A000197:SSL routines:SSL_shutdown:shutdown while in init:../ssl/ssl_lib.c:2797:
SSL read failed (1) - closing connection
004C6D3503720000:error:0A000126:SSL routines::unexpected eof while reading:../ssl/record/rec_layer_s3.c:698:
SSL read failed (1) - closing connection
004C6D3503720000:error:0A000197:SSL routines:SSL_shutdown:shutdown while in init:../ssl/ssl_lib.c:2797:
004C6D3503720000:error:0A000126:SSL routines::unexpected eof while reading:../ssl/record/rec_layer_s3.c:698:
SSL read failed (1) - closing connection
004C6D3503720000:error:0A000197:SSL routines:SSL_shutdown:shutdown while in init:../ssl/ssl_lib.c:2797:
SSL read failed (1) - closing connection
004C6D3503720000:error:0A000126:SSL routines::unexpected eof while reading:../ssl/record/rec_layer_s3.c:698:
SSL read failed (1) - closing connection
004C6D3503720000:error:0A000197:SSL routines:SSL_shutdown:shutdown while in init:../ssl/ssl_lib.c:2797:
SSL read failed (1) - closing connection
004C6D3503720000:error:0A000126:SSL routines::unexpected eof while reading:../ssl/record/rec_layer_s3.c:698:
SSL read failed (1) - closing connection
004C6D3503720000:error:0A000126:SSL routines::unexpected eof while reading:../ssl/record/rec_layer_s3.c:698:
SSL read failed (1) - closing connection
004C6D3503720000:error:0A000197:SSL routines:SSL_shutdown:shutdown while in init:../ssl/ssl_lib.c:2797:
004C6D3503720000:error:0A000126:SSL routines::unexpected eof while reading:../ssl/record/rec_layer_s3.c:698:
SSL read failed (1) - closing connection
004C6D3503720000:error:0A000197:SSL routines:SSL_shutdown:shutdown while in init:../ssl/ssl_lib.c:2797:
004C6D3503720000:error:0A000126:SSL routines::unexpected eof while reading:../ssl/record/rec_layer_s3.c:698:
SSL read failed (1) - closing connection
004C6D3503720000:error:0A000197:SSL routines:SSL_shutdown:shutdown while in init:../ssl/ssl_lib.c:2797:
SSL read failed (1) - closing connection
004C6D3503720000:error:0A000126:SSL routines::unexpected eof while reading:../ssl/record/rec_layer_s3.c:698:
SSL read failed (1) - closing connection
004C6D3503720000:error:0A000197:SSL routines:SSL_shutdown:shutdown while in init:../ssl/ssl_lib.c:2797:
SSL read failed (1) - closing connection
004C6D3503720000:error:0A000126:SSL routines::unexpected eof while reading:../ssl/record/rec_layer_s3.c:698:
SSL read failed (1) - closing connection
004C6D3503720000:error:0A000126:SSL routines::unexpected eof while reading:../ssl/record/rec_layer_s3.c:698:
SSL read failed (1) - closing connection
004C6D3503720000:error:0A000126:SSL routines::unexpected eof while reading:../ssl/record/rec_layer_s3.c:698:
SSL read failed (1) - closing connection
004C6D3503720000:error:0A000126:SSL routines::unexpected eof while reading:../ssl/record/rec_layer_s3.c:698:
SSL read failed (1) - closing connection
004C6D3503720000:error:0A000197:SSL routines:SSL_shutdown:shutdown while in init:../ssl/ssl_lib.c:2797:
SSL read failed (1) - closing connection
004C6D3503720000:error:0A000126:SSL routines::unexpected eof while reading:../ssl/record/rec_layer_s3.c:698:
SSL read failed (1) - closing connection
004C6D3503720000:error:0A000126:SSL routines::unexpected eof while reading:../ssl/record/rec_layer_s3.c:698:
SSL read failed (1) - closing connection
004C6D3503720000:error:0A000126:SSL routines::unexpected eof while reading:../ssl/record/rec_layer_s3.c:698:
SSL read failed (1) - closing connection
004C6D3503720000:error:0A000197:SSL routines:SSL_shutdown:shutdown while in init:../ssl/ssl_lib.c:2797:
004C6D3503720000:error:0A000126:SSL routines::unexpected eof while reading:../ssl/record/rec_layer_s3.c:698:
SSL read failed (1) - closing connection
004C6D3503720000:error:0A000126:SSL routines::unexpected eof while reading:../ssl/record/rec_layer_s3.c:698:
SSL read failed (1) - closing connection
004C6D3503720000:error:0A000126:SSL routines::unexpected eof while reading:../ssl/record/rec_layer_s3.c:698:
SSL read failed (1) - closing connection
004C6D3503720000:error:0A000126:SSL routines::unexpected eof while reading:../ssl/record/rec_layer_s3.c:698:
SSL read failed (1) - closing connection
004C6D3503720000:error:0A000197:SSL routines:SSL_shutdown:shutdown while in init:../ssl/ssl_lib.c:2797:
SSL read failed (1) - closing connection
004C6D3503720000:error:0A000126:SSL routines::unexpected eof while reading:../ssl/record/rec_layer_s3.c:698:
SSL read failed (1) - closing connection
004C6D3503720000:error:0A000126:SSL routines::unexpected eof while reading:../ssl/record/rec_layer_s3.c:698:
SSL read failed (1) - closing connection
004C6D3503720000:error:0A000197:SSL routines:SSL_shutdown:shutdown while in init:../ssl/ssl_lib.c:2797:
004C6D3503720000:error:0A000126:SSL routines::unexpected eof while reading:../ssl/record/rec_layer_s3.c:698:
SSL read failed (1) - closing connection
004C6D3503720000:error:0A000126:SSL routines::unexpected eof while reading:../ssl/record/rec_layer_s3.c:698:
SSL read failed (1) - closing connection
004C6D3503720000:error:0A000197:SSL routines:SSL_shutdown:shutdown while in init:../ssl/ssl_lib.c:2797:
SSL read failed (1) - closing connection
004C6D3503720000:error:0A000126:SSL routines::unexpected eof while reading:../ssl/record/rec_layer_s3.c:698:
SSL read failed (1) - closing connection
004C6D3503720000:error:0A000197:SSL routines:SSL_shutdown:shutdown while in init:../ssl/ssl_lib.c:2797:
004C6D3503720000:error:0A000126:SSL routines::unexpected eof while reading:../ssl/record/rec_layer_s3.c:698:
SSL read failed (1) - closing connection
004C6D3503720000:error:0A000197:SSL routines:SSL_shutdown:shutdown while in init:../ssl/ssl_lib.c:2797:
SSL read failed (1) - closing connection
004C6D3503720000:error:0A000126:SSL routines::unexpected eof while reading:../ssl/record/rec_layer_s3.c:698:
SSL read failed (1) - closing connection
004C6D3503720000:error:0A000197:SSL routines:SSL_shutdown:shutdown while in init:../ssl/ssl_lib.c:2797:
SSL read failed (1) - closing connection
004C6D3503720000:error:0A000126:SSL routines::unexpected eof while reading:../ssl/record/rec_layer_s3.c:698:
SSL read failed (1) - closing connection
004C6D3503720000:error:0A000197:SSL routines:SSL_shutdown:shutdown while in init:../ssl/ssl_lib.c:2797:
SSL read failed (1) - closing connection
004C6D3503720000:error:0A000126:SSL routines::unexpected eof while reading:../ssl/record/rec_layer_s3.c:698:
SSL read failed (1) - closing connection
004C6D3503720000:error:0A000126:SSL routines::unexpected eof while reading:../ssl/record/rec_layer_s3.c:698:
SSL read failed (1) - closing connection
004C6D3503720000:error:0A000126:SSL routines::unexpected eof while reading:../ssl/record/rec_layer_s3.c:698:
SSL read failed (1) - closing connection
004C6D3503720000:error:0A000197:SSL routines:SSL_shutdown:shutdown while in init:../ssl/ssl_lib.c:2797:
SSL read failed (1) - closing connection
004C6D3503720000:error:0A000126:SSL routines::unexpected eof while reading:../ssl/record/rec_layer_s3.c:698:
SSL read failed (1) - closing connection
004C6D3503720000:error:0A000126:SSL routines::unexpected eof while reading:../ssl/record/rec_layer_s3.c:698:
SSL read failed (1) - closing connection
004C6D3503720000:error:0A000197:SSL routines:SSL_shutdown:shutdown while in init:../ssl/ssl_lib.c:2797:
SSL read failed (1) - closing connection
004C6D3503720000:error:0A000126:SSL routines::unexpected eof while reading:../ssl/record/rec_layer_s3.c:698:
SSL read failed (1) - closing connection
004C6D3503720000:error:0A000197:SSL routines:SSL_shutdown:shutdown while in init:../ssl/ssl_lib.c:2797:
SSL read failed (1) - closing connection
004C6D3503720000:error:0A000126:SSL routines::unexpected eof while reading:../ssl/record/rec_layer_s3.c:698:
SSL read failed (1) - closing connection
004C6D3503720000:error:0A000126:SSL routines::unexpected eof while reading:../ssl/record/rec_layer_s3.c:698:
SSL read failed (1) - closing connection
004C6D3503720000:error:0A000197:SSL routines:SSL_shutdown:shutdown while in init:../ssl/ssl_lib.c:2797:
SSL read failed (1) - closing connection
004C6D3503720000:error:0A000126:SSL routines::unexpected eof while reading:../ssl/record/rec_layer_s3.c:698:
SSL read failed (1) - closing connection
004C6D3503720000:error:0A000197:SSL routines:SSL_shutdown:shutdown while in init:../ssl/ssl_lib.c:2797:
004C6D3503720000:error:0A000126:SSL routines::unexpected eof while reading:../ssl/record/rec_layer_s3.c:698:
SSL read failed (1) - closing connection
004C6D3503720000:error:0A000197:SSL routines:SSL_shutdown:shutdown while in init:../ssl/ssl_lib.c:2797:
SSL read failed (1) - closing connection
004C6D3503720000:error:0A000126:SSL routines::unexpected eof while reading:../ssl/record/rec_layer_s3.c:698:
SSL read failed (1) - closing connection
004C6D3503720000:error:0A000197:SSL routines:SSL_shutdown:shutdown while in init:../ssl/ssl_lib.c:2797:
004C6D3503720000:error:0A000126:SSL routines::unexpected eof while reading:../ssl/record/rec_layer_s3.c:698:
SSL read failed (1) - closing connection
004C6D3503720000:error:0A000197:SSL routines:SSL_shutdown:shutdown while in init:../ssl/ssl_lib.c:2797:
004C6D3503720000:error:0A000126:SSL routines::unexpected eof while reading:../ssl/record/rec_layer_s3.c:698:
SSL read failed (1) - closing connection
004C6D3503720000:error:0A000126:SSL routines::unexpected eof while reading:../ssl/record/rec_layer_s3.c:698:
SSL read failed (1) - closing connection
004C6D3503720000:error:0A000197:SSL routines:SSL_shutdown:shutdown while in init:../ssl/ssl_lib.c:2797:
004C6D3503720000:error:0A000126:SSL routines::unexpected eof while reading:../ssl/record/rec_layer_s3.c:698:
SSL read failed (1) - closing connection
004C6D3503720000:error:0A000126:SSL routines::unexpected eof while reading:../ssl/record/rec_layer_s3.c:698:
SSL read failed (1) - closing connection
004C6D3503720000:error:0A000197:SSL routines:SSL_shutdown:shutdown while in init:../ssl/ssl_lib.c:2797:
SSL read failed (1) - closing connection
004C6D3503720000:error:0A000126:SSL routines::unexpected eof while reading:../ssl/record/rec_layer_s3.c:698:
SSL read failed (1) - closing connection
004C6D3503720000:error:0A000197:SSL routines:SSL_shutdown:shutdown while in init:../ssl/ssl_lib.c:2797:
SSL read failed (1) - closing connection
004C6D3503720000:error:0A000126:SSL routines::unexpected eof while reading:../ssl/record/rec_layer_s3.c:698:
SSL read failed (1) - closing connection
004C6D3503720000:error:0A000197:SSL routines:SSL_shutdown:shutdown while in init:../ssl/ssl_lib.c:2797:
SSL read failed (1) - closing connection
004C6D3503720000:error:0A000126:SSL routines::unexpected eof while reading:../ssl/record/rec_layer_s3.c:698:
SSL read failed (1) - closing connection
004C6D3503720000:error:0A000197:SSL routines:SSL_shutdown:shutdown while in init:../ssl/ssl_lib.c:2797:
SSL read failed (1) - closing connection
004C6D3503720000:error:0A000126:SSL routines::unexpected eof while reading:../ssl/record/rec_layer_s3.c:698:
SSL read failed (1) - closing connection
004C6D3503720000:error:0A000126:SSL routines::unexpected eof while reading:../ssl/record/rec_layer_s3.c:698:
SSL read failed (1) - closing connection
004C6D3503720000:error:0A000197:SSL routines:SSL_shutdown:shutdown while in init:../ssl/ssl_lib.c:2797:
SSL read failed (1) - closing connection
004C6D3503720000:error:0A000126:SSL routines::unexpected eof while reading:../ssl/record/rec_layer_s3.c:698:
SSL read failed (1) - closing connection
004C6D3503720000:error:0A000197:SSL routines:SSL_shutdown:shutdown while in init:../ssl/ssl_lib.c:2797:
SSL read failed (1) - closing connection
004C6D3503720000:error:0A000126:SSL routines::unexpected eof while reading:../ssl/record/rec_layer_s3.c:698:
SSL read failed (1) - closing connection
004C6D3503720000:error:0A000126:SSL routines::unexpected eof while reading:../ssl/record/rec_layer_s3.c:698:
SSL read failed (1) - closing connection
004C6D3503720000:error:0A000126:SSL routines::unexpected eof while reading:../ssl/record/rec_layer_s3.c:698:
SSL read failed (1) - closing connection
004C6D3503720000:error:0A000197:SSL routines:SSL_shutdown:shutdown while in init:../ssl/ssl_lib.c:2797:
004C6D3503720000:error:0A000126:SSL routines::unexpected eof while reading:../ssl/record/rec_layer_s3.c:698:
SSL read failed (1) - closing connection
004C6D3503720000:error:0A000197:SSL routines:SSL_shutdown:shutdown while in init:../ssl/ssl_lib.c:2797:
SSL read failed (1) - closing connection
004C6D3503720000:error:0A000126:SSL routines::unexpected eof while reading:../ssl/record/rec_layer_s3.c:698:
SSL read failed (1) - closing connection
004C6D3503720000:error:0A000197:SSL routines:SSL_shutdown:shutdown while in init:../ssl/ssl_lib.c:2797:
004C6D3503720000:error:0A000126:SSL routines::unexpected eof while reading:../ssl/record/rec_layer_s3.c:698:
SSL read failed (1) - closing connection
004C6D3503720000:error:0A000197:SSL routines:SSL_shutdown:shutdown while in init:../ssl/ssl_lib.c:2797:
004C6D3503720000:error:0A000126:SSL routines::unexpected eof while reading:../ssl/record/rec_layer_s3.c:698:
SSL read failed (1) - closing connection
004C6D3503720000:error:0A000197:SSL routines:SSL_shutdown:shutdown while in init:../ssl/ssl_lib.c:2797:
SSL read failed (1) - closing connection
004C6D3503720000:error:0A000126:SSL routines::unexpected eof while reading:../ssl/record/rec_layer_s3.c:698:
SSL read failed (1) - closing connection
004C6D3503720000:error:0A000197:SSL routines:SSL_shutdown:shutdown while in init:../ssl/ssl_lib.c:2797:
SSL read failed (1) - closing connection
004C6D3503720000:error:0A000126:SSL routines::unexpected eof while reading:../ssl/record/rec_layer_s3.c:698:
SSL read failed (1) - closing connection
004C6D3503720000:error:0A000126:SSL routines::unexpected eof while reading:../ssl/record/rec_layer_s3.c:698:
SSL read failed (1) - closing connection
004C6D3503720000:error:0A000126:SSL routines::unexpected eof while reading:../ssl/record/rec_layer_s3.c:698:
SSL read failed (1) - closing connection
004C6D3503720000:error:0A000126:SSL routines::unexpected eof while reading:../ssl/record/rec_layer_s3.c:698:
SSL read failed (1) - closing connection
004C6D3503720000:error:0A000197:SSL routines:SSL_shutdown:shutdown while in init:../ssl/ssl_lib.c:2797:
Completed 100 requests
SSL read failed (1) - closing connection
004C6D3503720000:error:0A000126:SSL routines::unexpected eof while reading:../ssl/record/rec_layer_s3.c:698:
SSL read failed (1) - closing connection
004C6D3503720000:error:0A000197:SSL routines:SSL_shutdown:shutdown while in init:../ssl/ssl_lib.c:2797:
SSL read failed (1) - closing connection
004C6D3503720000:error:0A000126:SSL routines::unexpected eof while reading:../ssl/record/rec_layer_s3.c:698:
SSL read failed (1) - closing connection
004C6D3503720000:error:0A000197:SSL routines:SSL_shutdown:shutdown while in init:../ssl/ssl_lib.c:2797:
004C6D3503720000:error:0A000126:SSL routines::unexpected eof while reading:../ssl/record/rec_layer_s3.c:698:
SSL read failed (1) - closing connection
004C6D3503720000:error:0A000197:SSL routines:SSL_shutdown:shutdown while in init:../ssl/ssl_lib.c:2797:
SSL read failed (1) - closing connection
004C6D3503720000:error:0A000126:SSL routines::unexpected eof while reading:../ssl/record/rec_layer_s3.c:698:
SSL read failed (1) - closing connection
004C6D3503720000:error:0A000126:SSL routines::unexpected eof while reading:../ssl/record/rec_layer_s3.c:698:
SSL read failed (1) - closing connection
004C6D3503720000:error:0A000197:SSL routines:SSL_shutdown:shutdown while in init:../ssl/ssl_lib.c:2797:
004C6D3503720000:error:0A000126:SSL routines::unexpected eof while reading:../ssl/record/rec_layer_s3.c:698:
SSL read failed (1) - closing connection
004C6D3503720000:error:0A000197:SSL routines:SSL_shutdown:shutdown while in init:../ssl/ssl_lib.c:2797:
004C6D3503720000:error:0A000126:SSL routines::unexpected eof while reading:../ssl/record/rec_layer_s3.c:698:
SSL read failed (1) - closing connection
004C6D3503720000:error:0A000197:SSL routines:SSL_shutdown:shutdown while in init:../ssl/ssl_lib.c:2797:
SSL read failed (1) - closing connection
004C6D3503720000:error:0A000126:SSL routines::unexpected eof while reading:../ssl/record/rec_layer_s3.c:698:
SSL read failed (1) - closing connection
004C6D3503720000:error:0A000197:SSL routines:SSL_shutdown:shutdown while in init:../ssl/ssl_lib.c:2797:
SSL read failed (1) - closing connection
004C6D3503720000:error:0A000126:SSL routines::unexpected eof while reading:../ssl/record/rec_layer_s3.c:698:
SSL read failed (1) - closing connection
004C6D3503720000:error:0A000126:SSL routines::unexpected eof while reading:../ssl/record/rec_layer_s3.c:698:
SSL read failed (1) - closing connection
004C6D3503720000:error:0A000197:SSL routines:SSL_shutdown:shutdown while in init:../ssl/ssl_lib.c:2797:
SSL read failed (1) - closing connection
004C6D3503720000:error:0A000126:SSL routines::unexpected eof while reading:../ssl/record/rec_layer_s3.c:698:
SSL read failed (1) - closing connection
004C6D3503720000:error:0A000197:SSL routines:SSL_shutdown:shutdown while in init:../ssl/ssl_lib.c:2797:
004C6D3503720000:error:0A000126:SSL routines::unexpected eof while reading:../ssl/record/rec_layer_s3.c:698:
SSL read failed (1) - closing connection
004C6D3503720000:error:0A000197:SSL routines:SSL_shutdown:shutdown while in init:../ssl/ssl_lib.c:2797:
SSL read failed (1) - closing connection
004C6D3503720000:error:0A000126:SSL routines::unexpected eof while reading:../ssl/record/rec_layer_s3.c:698:
SSL read failed (1) - closing connection
004C6D3503720000:error:0A000197:SSL routines:SSL_shutdown:shutdown while in init:../ssl/ssl_lib.c:2797:
SSL read failed (1) - closing connection
004C6D3503720000:error:0A000126:SSL routines::unexpected eof while reading:../ssl/record/rec_layer_s3.c:698:
SSL read failed (1) - closing connection
004C6D3503720000:error:0A000197:SSL routines:SSL_shutdown:shutdown while in init:../ssl/ssl_lib.c:2797:
SSL read failed (1) - closing connection
004C6D3503720000:error:0A000126:SSL routines::unexpected eof while reading:../ssl/record/rec_layer_s3.c:698:
SSL read failed (1) - closing connection
004C6D3503720000:error:0A000197:SSL routines:SSL_shutdown:shutdown while in init:../ssl/ssl_lib.c:2797:
SSL read failed (1) - closing connection
004C6D3503720000:error:0A000126:SSL routines::unexpected eof while reading:../ssl/record/rec_layer_s3.c:698:
SSL read failed (1) - closing connection
004C6D3503720000:error:0A000197:SSL routines:SSL_shutdown:shutdown while in init:../ssl/ssl_lib.c:2797:
SSL read failed (1) - closing connection
004C6D3503720000:error:0A000126:SSL routines::unexpected eof while reading:../ssl/record/rec_layer_s3.c:698:
SSL read failed (1) - closing connection
004C6D3503720000:error:0A000126:SSL routines::unexpected eof while reading:../ssl/record/rec_layer_s3.c:698:
SSL read failed (1) - closing connection
004C6D3503720000:error:0A000197:SSL routines:SSL_shutdown:shutdown while in init:../ssl/ssl_lib.c:2797:
SSL read failed (1) - closing connection
004C6D3503720000:error:0A000126:SSL routines::unexpected eof while reading:../ssl/record/rec_layer_s3.c:698:
SSL read failed (1) - closing connection
004C6D3503720000:error:0A000197:SSL routines:SSL_shutdown:shutdown while in init:../ssl/ssl_lib.c:2797:
SSL read failed (1) - closing connection
004C6D3503720000:error:0A000126:SSL routines::unexpected eof while reading:../ssl/record/rec_layer_s3.c:698:
SSL read failed (1) - closing connection
004C6D3503720000:error:0A000197:SSL routines:SSL_shutdown:shutdown while in init:../ssl/ssl_lib.c:2797:
004C6D3503720000:error:0A000126:SSL routines::unexpected eof while reading:../ssl/record/rec_layer_s3.c:698:
SSL read failed (1) - closing connection
004C6D3503720000:error:0A000197:SSL routines:SSL_shutdown:shutdown while in init:../ssl/ssl_lib.c:2797:
SSL read failed (1) - closing connection
004C6D3503720000:error:0A000126:SSL routines::unexpected eof while reading:../ssl/record/rec_layer_s3.c:698:
SSL read failed (1) - closing connection
004C6D3503720000:error:0A000197:SSL routines:SSL_shutdown:shutdown while in init:../ssl/ssl_lib.c:2797:
SSL read failed (1) - closing connection
004C6D3503720000:error:0A000126:SSL routines::unexpected eof while reading:../ssl/record/rec_layer_s3.c:698:
SSL read failed (1) - closing connection
004C6D3503720000:error:0A000197:SSL routines:SSL_shutdown:shutdown while in init:../ssl/ssl_lib.c:2797:
004C6D3503720000:error:0A000126:SSL routines::unexpected eof while reading:../ssl/record/rec_layer_s3.c:698:
SSL read failed (1) - closing connection
004C6D3503720000:error:0A000197:SSL routines:SSL_shutdown:shutdown while in init:../ssl/ssl_lib.c:2797:
004C6D3503720000:error:0A000126:SSL routines::unexpected eof while reading:../ssl/record/rec_layer_s3.c:698:
SSL read failed (1) - closing connection
004C6D3503720000:error:0A000126:SSL routines::unexpected eof while reading:../ssl/record/rec_layer_s3.c:698:
SSL read failed (1) - closing connection
004C6D3503720000:error:0A000126:SSL routines::unexpected eof while reading:../ssl/record/rec_layer_s3.c:698:
SSL read failed (1) - closing connection
004C6D3503720000:error:0A000126:SSL routines::unexpected eof while reading:../ssl/record/rec_layer_s3.c:698:
SSL read failed (1) - closing connection
004C6D3503720000:error:0A000126:SSL routines::unexpected eof while reading:../ssl/record/rec_layer_s3.c:698:
SSL read failed (1) - closing connection
004C6D3503720000:error:0A000197:SSL routines:SSL_shutdown:shutdown while in init:../ssl/ssl_lib.c:2797:
004C6D3503720000:error:0A000126:SSL routines::unexpected eof while reading:../ssl/record/rec_layer_s3.c:698:
SSL read failed (1) - closing connection
004C6D3503720000:error:0A000197:SSL routines:SSL_shutdown:shutdown while in init:../ssl/ssl_lib.c:2797:
004C6D3503720000:error:0A000126:SSL routines::unexpected eof while reading:../ssl/record/rec_layer_s3.c:698:
SSL read failed (1) - closing connection
004C6D3503720000:error:0A000197:SSL routines:SSL_shutdown:shutdown while in init:../ssl/ssl_lib.c:2797:
SSL read failed (1) - closing connection
004C6D3503720000:error:0A000126:SSL routines::unexpected eof while reading:../ssl/record/rec_layer_s3.c:698:
SSL read failed (1) - closing connection
004C6D3503720000:error:0A000197:SSL routines:SSL_shutdown:shutdown while in init:../ssl/ssl_lib.c:2797:
SSL read failed (1) - closing connection
004C6D3503720000:error:0A000126:SSL routines::unexpected eof while reading:../ssl/record/rec_layer_s3.c:698:
SSL read failed (1) - closing connection
004C6D3503720000:error:0A000126:SSL routines::unexpected eof while reading:../ssl/record/rec_layer_s3.c:698:
SSL read failed (1) - closing connection
004C6D3503720000:error:0A000126:SSL routines::unexpected eof while reading:../ssl/record/rec_layer_s3.c:698:
SSL read failed (1) - closing connection
004C6D3503720000:error:0A000197:SSL routines:SSL_shutdown:shutdown while in init:../ssl/ssl_lib.c:2797:
SSL read failed (1) - closing connection
004C6D3503720000:error:0A000126:SSL routines::unexpected eof while reading:../ssl/record/rec_layer_s3.c:698:
SSL read failed (1) - closing connection
004C6D3503720000:error:0A000126:SSL routines::unexpected eof while reading:../ssl/record/rec_layer_s3.c:698:
SSL read failed (1) - closing connection
004C6D3503720000:error:0A000197:SSL routines:SSL_shutdown:shutdown while in init:../ssl/ssl_lib.c:2797:
SSL read failed (1) - closing connection
004C6D3503720000:error:0A000126:SSL routines::unexpected eof while reading:../ssl/record/rec_layer_s3.c:698:
SSL read failed (1) - closing connection
004C6D3503720000:error:0A000197:SSL routines:SSL_shutdown:shutdown while in init:../ssl/ssl_lib.c:2797:
SSL read failed (1) - closing connection
004C6D3503720000:error:0A000126:SSL routines::unexpected eof while reading:../ssl/record/rec_layer_s3.c:698:
SSL read failed (1) - closing connection
004C6D3503720000:error:0A000126:SSL routines::unexpected eof while reading:../ssl/record/rec_layer_s3.c:698:
SSL read failed (1) - closing connection
004C6D3503720000:error:0A000197:SSL routines:SSL_shutdown:shutdown while in init:../ssl/ssl_lib.c:2797:
SSL read failed (1) - closing connection
004C6D3503720000:error:0A000126:SSL routines::unexpected eof while reading:../ssl/record/rec_layer_s3.c:698:
SSL read failed (1) - closing connection
004C6D3503720000:error:0A000197:SSL routines:SSL_shutdown:shutdown while in init:../ssl/ssl_lib.c:2797:
004C6D3503720000:error:0A000126:SSL routines::unexpected eof while reading:../ssl/record/rec_layer_s3.c:698:
SSL read failed (1) - closing connection
004C6D3503720000:error:0A000197:SSL routines:SSL_shutdown:shutdown while in init:../ssl/ssl_lib.c:2797:
004C6D3503720000:error:0A000126:SSL routines::unexpected eof while reading:../ssl/record/rec_layer_s3.c:698:
SSL read failed (1) - closing connection
004C6D3503720000:error:0A000197:SSL routines:SSL_shutdown:shutdown while in init:../ssl/ssl_lib.c:2797:
004C6D3503720000:error:0A000126:SSL routines::unexpected eof while reading:../ssl/record/rec_layer_s3.c:698:
SSL read failed (1) - closing connection
004C6D3503720000:error:0A000197:SSL routines:SSL_shutdown:shutdown while in init:../ssl/ssl_lib.c:2797:
SSL read failed (1) - closing connection
004C6D3503720000:error:0A000126:SSL routines::unexpected eof while reading:../ssl/record/rec_layer_s3.c:698:
SSL read failed (1) - closing connection
004C6D3503720000:error:0A000197:SSL routines:SSL_shutdown:shutdown while in init:../ssl/ssl_lib.c:2797:
004C6D3503720000:error:0A000126:SSL routines::unexpected eof while reading:../ssl/record/rec_layer_s3.c:698:
SSL read failed (1) - closing connection
004C6D3503720000:error:0A000126:SSL routines::unexpected eof while reading:../ssl/record/rec_layer_s3.c:698:
SSL read failed (1) - closing connection
004C6D3503720000:error:0A000126:SSL routines::unexpected eof while reading:../ssl/record/rec_layer_s3.c:698:
SSL read failed (1) - closing connection
004C6D3503720000:error:0A000197:SSL routines:SSL_shutdown:shutdown while in init:../ssl/ssl_lib.c:2797:
SSL read failed (1) - closing connection
004C6D3503720000:error:0A000126:SSL routines::unexpected eof while reading:../ssl/record/rec_layer_s3.c:698:
SSL read failed (1) - closing connection
004C6D3503720000:error:0A000126:SSL routines::unexpected eof while reading:../ssl/record/rec_layer_s3.c:698:
SSL read failed (1) - closing connection
004C6D3503720000:error:0A000126:SSL routines::unexpected eof while reading:../ssl/record/rec_layer_s3.c:698:
SSL read failed (1) - closing connection
004C6D3503720000:error:0A000197:SSL routines:SSL_shutdown:shutdown while in init:../ssl/ssl_lib.c:2797:
SSL read failed (1) - closing connection
004C6D3503720000:error:0A000126:SSL routines::unexpected eof while reading:../ssl/record/rec_layer_s3.c:698:
SSL read failed (1) - closing connection
004C6D3503720000:error:0A000126:SSL routines::unexpected eof while reading:../ssl/record/rec_layer_s3.c:698:
SSL read failed (1) - closing connection
004C6D3503720000:error:0A000197:SSL routines:SSL_shutdown:shutdown while in init:../ssl/ssl_lib.c:2797:
004C6D3503720000:error:0A000126:SSL routines::unexpected eof while reading:../ssl/record/rec_layer_s3.c:698:
SSL read failed (1) - closing connection
004C6D3503720000:error:0A000126:SSL routines::unexpected eof while reading:../ssl/record/rec_layer_s3.c:698:
SSL read failed (1) - closing connection
004C6D3503720000:error:0A000126:SSL routines::unexpected eof while reading:../ssl/record/rec_layer_s3.c:698:
SSL read failed (1) - closing connection
004C6D3503720000:error:0A000197:SSL routines:SSL_shutdown:shutdown while in init:../ssl/ssl_lib.c:2797:
004C6D3503720000:error:0A000126:SSL routines::unexpected eof while reading:../ssl/record/rec_layer_s3.c:698:
SSL read failed (1) - closing connection
004C6D3503720000:error:0A000126:SSL routines::unexpected eof while reading:../ssl/record/rec_layer_s3.c:698:
SSL read failed (1) - closing connection
004C6D3503720000:error:0A000126:SSL routines::unexpected eof while reading:../ssl/record/rec_layer_s3.c:698:
SSL read failed (1) - closing connection
004C6D3503720000:error:0A000197:SSL routines:SSL_shutdown:shutdown while in init:../ssl/ssl_lib.c:2797:
SSL read failed (1) - closing connection
004C6D3503720000:error:0A000126:SSL routines::unexpected eof while reading:../ssl/record/rec_layer_s3.c:698:
SSL read failed (1) - closing connection
004C6D3503720000:error:0A000197:SSL routines:SSL_shutdown:shutdown while in init:../ssl/ssl_lib.c:2797:
SSL read failed (1) - closing connection
004C6D3503720000:error:0A000126:SSL routines::unexpected eof while reading:../ssl/record/rec_layer_s3.c:698:
SSL read failed (1) - closing connection
004C6D3503720000:error:0A000197:SSL routines:SSL_shutdown:shutdown while in init:../ssl/ssl_lib.c:2797:
004C6D3503720000:error:0A000126:SSL routines::unexpected eof while reading:../ssl/record/rec_layer_s3.c:698:
SSL read failed (1) - closing connection
004C6D3503720000:error:0A000197:SSL routines:SSL_shutdown:shutdown while in init:../ssl/ssl_lib.c:2797:
SSL read failed (1) - closing connection
004C6D3503720000:error:0A000126:SSL routines::unexpected eof while reading:../ssl/record/rec_layer_s3.c:698:
SSL read failed (1) - closing connection
004C6D3503720000:error:0A000197:SSL routines:SSL_shutdown:shutdown while in init:../ssl/ssl_lib.c:2797:
SSL read failed (1) - closing connection
004C6D3503720000:error:0A000126:SSL routines::unexpected eof while reading:../ssl/record/rec_layer_s3.c:698:
SSL read failed (1) - closing connection
004C6D3503720000:error:0A000197:SSL routines:SSL_shutdown:shutdown while in init:../ssl/ssl_lib.c:2797:
SSL read failed (1) - closing connection
004C6D3503720000:error:0A000126:SSL routines::unexpected eof while reading:../ssl/record/rec_layer_s3.c:698:
SSL read failed (1) - closing connection
004C6D3503720000:error:0A000126:SSL routines::unexpected eof while reading:../ssl/record/rec_layer_s3.c:698:
SSL read failed (1) - closing connection
004C6D3503720000:error:0A000126:SSL routines::unexpected eof while reading:../ssl/record/rec_layer_s3.c:698:
SSL read failed (1) - closing connection
004C6D3503720000:error:0A000197:SSL routines:SSL_shutdown:shutdown while in init:../ssl/ssl_lib.c:2797:
004C6D3503720000:error:0A000126:SSL routines::unexpected eof while reading:../ssl/record/rec_layer_s3.c:698:
SSL read failed (1) - closing connection
004C6D3503720000:error:0A000126:SSL routines::unexpected eof while reading:../ssl/record/rec_layer_s3.c:698:
SSL read failed (1) - closing connection
004C6D3503720000:error:0A000197:SSL routines:SSL_shutdown:shutdown while in init:../ssl/ssl_lib.c:2797:
SSL read failed (1) - closing connection
004C6D3503720000:error:0A000126:SSL routines::unexpected eof while reading:../ssl/record/rec_layer_s3.c:698:
SSL read failed (1) - closing connection
004C6D3503720000:error:0A000197:SSL routines:SSL_shutdown:shutdown while in init:../ssl/ssl_lib.c:2797:
Completed 200 requests
SSL read failed (1) - closing connection
004C6D3503720000:error:0A000126:SSL routines::unexpected eof while reading:../ssl/record/rec_layer_s3.c:698:
SSL read failed (1) - closing connection
004C6D3503720000:error:0A000197:SSL routines:SSL_shutdown:shutdown while in init:../ssl/ssl_lib.c:2797:
SSL read failed (1) - closing connection
004C6D3503720000:error:0A000126:SSL routines::unexpected eof while reading:../ssl/record/rec_layer_s3.c:698:
SSL read failed (1) - closing connection
004C6D3503720000:error:0A000126:SSL routines::unexpected eof while reading:../ssl/record/rec_layer_s3.c:698:
SSL read failed (1) - closing connection
004C6D3503720000:error:0A000197:SSL routines:SSL_shutdown:shutdown while in init:../ssl/ssl_lib.c:2797:
SSL read failed (1) - closing connection
004C6D3503720000:error:0A000126:SSL routines::unexpected eof while reading:../ssl/record/rec_layer_s3.c:698:
SSL read failed (1) - closing connection
004C6D3503720000:error:0A000197:SSL routines:SSL_shutdown:shutdown while in init:../ssl/ssl_lib.c:2797:
SSL read failed (1) - closing connection
004C6D3503720000:error:0A000126:SSL routines::unexpected eof while reading:../ssl/record/rec_layer_s3.c:698:
SSL read failed (1) - closing connection
004C6D3503720000:error:0A000126:SSL routines::unexpected eof while reading:../ssl/record/rec_layer_s3.c:698:
SSL read failed (1) - closing connection
004C6D3503720000:error:0A000197:SSL routines:SSL_shutdown:shutdown while in init:../ssl/ssl_lib.c:2797:
SSL read failed (1) - closing connection
004C6D3503720000:error:0A000126:SSL routines::unexpected eof while reading:../ssl/record/rec_layer_s3.c:698:
SSL read failed (1) - closing connection
004C6D3503720000:error:0A000197:SSL routines:SSL_shutdown:shutdown while in init:../ssl/ssl_lib.c:2797:
SSL read failed (1) - closing connection
004C6D3503720000:error:0A000126:SSL routines::unexpected eof while reading:../ssl/record/rec_layer_s3.c:698:
SSL read failed (1) - closing connection
004C6D3503720000:error:0A000126:SSL routines::unexpected eof while reading:../ssl/record/rec_layer_s3.c:698:
SSL read failed (1) - closing connection
004C6D3503720000:error:0A000126:SSL routines::unexpected eof while reading:../ssl/record/rec_layer_s3.c:698:
SSL read failed (1) - closing connection
004C6D3503720000:error:0A000197:SSL routines:SSL_shutdown:shutdown while in init:../ssl/ssl_lib.c:2797:
SSL read failed (1) - closing connection
004C6D3503720000:error:0A000126:SSL routines::unexpected eof while reading:../ssl/record/rec_layer_s3.c:698:
SSL read failed (1) - closing connection
004C6D3503720000:error:0A000197:SSL routines:SSL_shutdown:shutdown while in init:../ssl/ssl_lib.c:2797:
004C6D3503720000:error:0A000126:SSL routines::unexpected eof while reading:../ssl/record/rec_layer_s3.c:698:
SSL read failed (1) - closing connection
004C6D3503720000:error:0A000197:SSL routines:SSL_shutdown:shutdown while in init:../ssl/ssl_lib.c:2797:
SSL read failed (1) - closing connection
004C6D3503720000:error:0A000126:SSL routines::unexpected eof while reading:../ssl/record/rec_layer_s3.c:698:
SSL read failed (1) - closing connection
004C6D3503720000:error:0A000197:SSL routines:SSL_shutdown:shutdown while in init:../ssl/ssl_lib.c:2797:
004C6D3503720000:error:0A000126:SSL routines::unexpected eof while reading:../ssl/record/rec_layer_s3.c:698:
SSL read failed (1) - closing connection
004C6D3503720000:error:0A000197:SSL routines:SSL_shutdown:shutdown while in init:../ssl/ssl_lib.c:2797:
004C6D3503720000:error:0A000126:SSL routines::unexpected eof while reading:../ssl/record/rec_layer_s3.c:698:
SSL read failed (1) - closing connection
004C6D3503720000:error:0A000197:SSL routines:SSL_shutdown:shutdown while in init:../ssl/ssl_lib.c:2797:
004C6D3503720000:error:0A000126:SSL routines::unexpected eof while reading:../ssl/record/rec_layer_s3.c:698:
SSL read failed (1) - closing connection
004C6D3503720000:error:0A000197:SSL routines:SSL_shutdown:shutdown while in init:../ssl/ssl_lib.c:2797:
SSL read failed (1) - closing connection
004C6D3503720000:error:0A000126:SSL routines::unexpected eof while reading:../ssl/record/rec_layer_s3.c:698:
SSL read failed (1) - closing connection
004C6D3503720000:error:0A000197:SSL routines:SSL_shutdown:shutdown while in init:../ssl/ssl_lib.c:2797:
004C6D3503720000:error:0A000126:SSL routines::unexpected eof while reading:../ssl/record/rec_layer_s3.c:698:
SSL read failed (1) - closing connection
004C6D3503720000:error:0A000197:SSL routines:SSL_shutdown:shutdown while in init:../ssl/ssl_lib.c:2797:
SSL read failed (1) - closing connection
004C6D3503720000:error:0A000126:SSL routines::unexpected eof while reading:../ssl/record/rec_layer_s3.c:698:
SSL read failed (1) - closing connection
004C6D3503720000:error:0A000197:SSL routines:SSL_shutdown:shutdown while in init:../ssl/ssl_lib.c:2797:
SSL read failed (1) - closing connection
004C6D3503720000:error:0A000126:SSL routines::unexpected eof while reading:../ssl/record/rec_layer_s3.c:698:
SSL read failed (1) - closing connection
004C6D3503720000:error:0A000126:SSL routines::unexpected eof while reading:../ssl/record/rec_layer_s3.c:698:
SSL read failed (1) - closing connection
004C6D3503720000:error:0A000126:SSL routines::unexpected eof while reading:../ssl/record/rec_layer_s3.c:698:
SSL read failed (1) - closing connection
004C6D3503720000:error:0A000197:SSL routines:SSL_shutdown:shutdown while in init:../ssl/ssl_lib.c:2797:
SSL read failed (1) - closing connection
004C6D3503720000:error:0A000126:SSL routines::unexpected eof while reading:../ssl/record/rec_layer_s3.c:698:
SSL read failed (1) - closing connection
004C6D3503720000:error:0A000197:SSL routines:SSL_shutdown:shutdown while in init:../ssl/ssl_lib.c:2797:
SSL read failed (1) - closing connection
004C6D3503720000:error:0A000126:SSL routines::unexpected eof while reading:../ssl/record/rec_layer_s3.c:698:
SSL read failed (1) - closing connection
004C6D3503720000:error:0A000197:SSL routines:SSL_shutdown:shutdown while in init:../ssl/ssl_lib.c:2797:
SSL read failed (1) - closing connection
004C6D3503720000:error:0A000126:SSL routines::unexpected eof while reading:../ssl/record/rec_layer_s3.c:698:
SSL read failed (1) - closing connection
004C6D3503720000:error:0A000197:SSL routines:SSL_shutdown:shutdown while in init:../ssl/ssl_lib.c:2797:
004C6D3503720000:error:0A000126:SSL routines::unexpected eof while reading:../ssl/record/rec_layer_s3.c:698:
SSL read failed (1) - closing connection
004C6D3503720000:error:0A000197:SSL routines:SSL_shutdown:shutdown while in init:../ssl/ssl_lib.c:2797:
SSL read failed (1) - closing connection
004C6D3503720000:error:0A000126:SSL routines::unexpected eof while reading:../ssl/record/rec_layer_s3.c:698:
SSL read failed (1) - closing connection
004C6D3503720000:error:0A000126:SSL routines::unexpected eof while reading:../ssl/record/rec_layer_s3.c:698:
SSL read failed (1) - closing connection
004C6D3503720000:error:0A000197:SSL routines:SSL_shutdown:shutdown while in init:../ssl/ssl_lib.c:2797:
SSL read failed (1) - closing connection
004C6D3503720000:error:0A000126:SSL routines::unexpected eof while reading:../ssl/record/rec_layer_s3.c:698:
SSL read failed (1) - closing connection
004C6D3503720000:error:0A000126:SSL routines::unexpected eof while reading:../ssl/record/rec_layer_s3.c:698:
SSL read failed (1) - closing connection
004C6D3503720000:error:0A000126:SSL routines::unexpected eof while reading:../ssl/record/rec_layer_s3.c:698:
SSL read failed (1) - closing connection
004C6D3503720000:error:0A000197:SSL routines:SSL_shutdown:shutdown while in init:../ssl/ssl_lib.c:2797:
004C6D3503720000:error:0A000126:SSL routines::unexpected eof while reading:../ssl/record/rec_layer_s3.c:698:
SSL read failed (1) - closing connection
004C6D3503720000:error:0A000197:SSL routines:SSL_shutdown:shutdown while in init:../ssl/ssl_lib.c:2797:
004C6D3503720000:error:0A000126:SSL routines::unexpected eof while reading:../ssl/record/rec_layer_s3.c:698:
SSL read failed (1) - closing connection
004C6D3503720000:error:0A000197:SSL routines:SSL_shutdown:shutdown while in init:../ssl/ssl_lib.c:2797:
SSL read failed (1) - closing connection
004C6D3503720000:error:0A000126:SSL routines::unexpected eof while reading:../ssl/record/rec_layer_s3.c:698:
SSL read failed (1) - closing connection
004C6D3503720000:error:0A000126:SSL routines::unexpected eof while reading:../ssl/record/rec_layer_s3.c:698:
SSL read failed (1) - closing connection
004C6D3503720000:error:0A000126:SSL routines::unexpected eof while reading:../ssl/record/rec_layer_s3.c:698:
SSL read failed (1) - closing connection
004C6D3503720000:error:0A000197:SSL routines:SSL_shutdown:shutdown while in init:../ssl/ssl_lib.c:2797:
004C6D3503720000:error:0A000126:SSL routines::unexpected eof while reading:../ssl/record/rec_layer_s3.c:698:
SSL read failed (1) - closing connection
004C6D3503720000:error:0A000197:SSL routines:SSL_shutdown:shutdown while in init:../ssl/ssl_lib.c:2797:
SSL read failed (1) - closing connection
004C6D3503720000:error:0A000126:SSL routines::unexpected eof while reading:../ssl/record/rec_layer_s3.c:698:
SSL read failed (1) - closing connection
004C6D3503720000:error:0A000197:SSL routines:SSL_shutdown:shutdown while in init:../ssl/ssl_lib.c:2797:
SSL read failed (1) - closing connection
004C6D3503720000:error:0A000126:SSL routines::unexpected eof while reading:../ssl/record/rec_layer_s3.c:698:
SSL read failed (1) - closing connection
004C6D3503720000:error:0A000197:SSL routines:SSL_shutdown:shutdown while in init:../ssl/ssl_lib.c:2797:
SSL read failed (1) - closing connection
004C6D3503720000:error:0A000126:SSL routines::unexpected eof while reading:../ssl/record/rec_layer_s3.c:698:
SSL read failed (1) - closing connection
004C6D3503720000:error:0A000197:SSL routines:SSL_shutdown:shutdown while in init:../ssl/ssl_lib.c:2797:
004C6D3503720000:error:0A000126:SSL routines::unexpected eof while reading:../ssl/record/rec_layer_s3.c:698:
SSL read failed (1) - closing connection
004C6D3503720000:error:0A000126:SSL routines::unexpected eof while reading:../ssl/record/rec_layer_s3.c:698:
SSL read failed (1) - closing connection
004C6D3503720000:error:0A000197:SSL routines:SSL_shutdown:shutdown while in init:../ssl/ssl_lib.c:2797:
004C6D3503720000:error:0A000126:SSL routines::unexpected eof while reading:../ssl/record/rec_layer_s3.c:698:
SSL read failed (1) - closing connection
004C6D3503720000:error:0A000197:SSL routines:SSL_shutdown:shutdown while in init:../ssl/ssl_lib.c:2797:
SSL read failed (1) - closing connection
004C6D3503720000:error:0A000126:SSL routines::unexpected eof while reading:../ssl/record/rec_layer_s3.c:698:
SSL read failed (1) - closing connection
004C6D3503720000:error:0A000126:SSL routines::unexpected eof while reading:../ssl/record/rec_layer_s3.c:698:
SSL read failed (1) - closing connection
004C6D3503720000:error:0A000126:SSL routines::unexpected eof while reading:../ssl/record/rec_layer_s3.c:698:
SSL read failed (1) - closing connection
004C6D3503720000:error:0A000197:SSL routines:SSL_shutdown:shutdown while in init:../ssl/ssl_lib.c:2797:
SSL read failed (1) - closing connection
004C6D3503720000:error:0A000126:SSL routines::unexpected eof while reading:../ssl/record/rec_layer_s3.c:698:
SSL read failed (1) - closing connection
004C6D3503720000:error:0A000197:SSL routines:SSL_shutdown:shutdown while in init:../ssl/ssl_lib.c:2797:
004C6D3503720000:error:0A000126:SSL routines::unexpected eof while reading:../ssl/record/rec_layer_s3.c:698:
SSL read failed (1) - closing connection
004C6D3503720000:error:0A000197:SSL routines:SSL_shutdown:shutdown while in init:../ssl/ssl_lib.c:2797:
SSL read failed (1) - closing connection
004C6D3503720000:error:0A000126:SSL routines::unexpected eof while reading:../ssl/record/rec_layer_s3.c:698:
SSL read failed (1) - closing connection
004C6D3503720000:error:0A000126:SSL routines::unexpected eof while reading:../ssl/record/rec_layer_s3.c:698:
SSL read failed (1) - closing connection
004C6D3503720000:error:0A000126:SSL routines::unexpected eof while reading:../ssl/record/rec_layer_s3.c:698:
SSL read failed (1) - closing connection
004C6D3503720000:error:0A000197:SSL routines:SSL_shutdown:shutdown while in init:../ssl/ssl_lib.c:2797:
SSL read failed (1) - closing connection
004C6D3503720000:error:0A000126:SSL routines::unexpected eof while reading:../ssl/record/rec_layer_s3.c:698:
SSL read failed (1) - closing connection
004C6D3503720000:error:0A000197:SSL routines:SSL_shutdown:shutdown while in init:../ssl/ssl_lib.c:2797:
004C6D3503720000:error:0A000126:SSL routines::unexpected eof while reading:../ssl/record/rec_layer_s3.c:698:
SSL read failed (1) - closing connection
004C6D3503720000:error:0A000197:SSL routines:SSL_shutdown:shutdown while in init:../ssl/ssl_lib.c:2797:
SSL read failed (1) - closing connection
004C6D3503720000:error:0A000126:SSL routines::unexpected eof while reading:../ssl/record/rec_layer_s3.c:698:
SSL read failed (1) - closing connection
004C6D3503720000:error:0A000126:SSL routines::unexpected eof while reading:../ssl/record/rec_layer_s3.c:698:
SSL read failed (1) - closing connection
004C6D3503720000:error:0A000126:SSL routines::unexpected eof while reading:../ssl/record/rec_layer_s3.c:698:
SSL read failed (1) - closing connection
004C6D3503720000:error:0A000197:SSL routines:SSL_shutdown:shutdown while in init:../ssl/ssl_lib.c:2797:
SSL read failed (1) - closing connection
004C6D3503720000:error:0A000126:SSL routines::unexpected eof while reading:../ssl/record/rec_layer_s3.c:698:
SSL read failed (1) - closing connection
004C6D3503720000:error:0A000126:SSL routines::unexpected eof while reading:../ssl/record/rec_layer_s3.c:698:
SSL read failed (1) - closing connection
004C6D3503720000:error:0A000197:SSL routines:SSL_shutdown:shutdown while in init:../ssl/ssl_lib.c:2797:
SSL read failed (1) - closing connection
004C6D3503720000:error:0A000126:SSL routines::unexpected eof while reading:../ssl/record/rec_layer_s3.c:698:
SSL read failed (1) - closing connection
004C6D3503720000:error:0A000197:SSL routines:SSL_shutdown:shutdown while in init:../ssl/ssl_lib.c:2797:
004C6D3503720000:error:0A000126:SSL routines::unexpected eof while reading:../ssl/record/rec_layer_s3.c:698:
SSL read failed (1) - closing connection
004C6D3503720000:error:0A000197:SSL routines:SSL_shutdown:shutdown while in init:../ssl/ssl_lib.c:2797:
004C6D3503720000:error:0A000126:SSL routines::unexpected eof while reading:../ssl/record/rec_layer_s3.c:698:
SSL read failed (1) - closing connection
004C6D3503720000:error:0A000197:SSL routines:SSL_shutdown:shutdown while in init:../ssl/ssl_lib.c:2797:
004C6D3503720000:error:0A000126:SSL routines::unexpected eof while reading:../ssl/record/rec_layer_s3.c:698:
SSL read failed (1) - closing connection
004C6D3503720000:error:0A000197:SSL routines:SSL_shutdown:shutdown while in init:../ssl/ssl_lib.c:2797:
SSL read failed (1) - closing connection
004C6D3503720000:error:0A000126:SSL routines::unexpected eof while reading:../ssl/record/rec_layer_s3.c:698:
SSL read failed (1) - closing connection
004C6D3503720000:error:0A000197:SSL routines:SSL_shutdown:shutdown while in init:../ssl/ssl_lib.c:2797:
004C6D3503720000:error:0A000126:SSL routines::unexpected eof while reading:../ssl/record/rec_layer_s3.c:698:
SSL read failed (1) - closing connection
004C6D3503720000:error:0A000126:SSL routines::unexpected eof while reading:../ssl/record/rec_layer_s3.c:698:
SSL read failed (1) - closing connection
004C6D3503720000:error:0A000197:SSL routines:SSL_shutdown:shutdown while in init:../ssl/ssl_lib.c:2797:
SSL read failed (1) - closing connection
004C6D3503720000:error:0A000126:SSL routines::unexpected eof while reading:../ssl/record/rec_layer_s3.c:698:
SSL read failed (1) - closing connection
004C6D3503720000:error:0A000126:SSL routines::unexpected eof while reading:../ssl/record/rec_layer_s3.c:698:
SSL read failed (1) - closing connection
004C6D3503720000:error:0A000197:SSL routines:SSL_shutdown:shutdown while in init:../ssl/ssl_lib.c:2797:
SSL read failed (1) - closing connection
004C6D3503720000:error:0A000126:SSL routines::unexpected eof while reading:../ssl/record/rec_layer_s3.c:698:
SSL read failed (1) - closing connection
004C6D3503720000:error:0A000197:SSL routines:SSL_shutdown:shutdown while in init:../ssl/ssl_lib.c:2797:
004C6D3503720000:error:0A000126:SSL routines::unexpected eof while reading:../ssl/record/rec_layer_s3.c:698:
SSL read failed (1) - closing connection
004C6D3503720000:error:0A000197:SSL routines:SSL_shutdown:shutdown while in init:../ssl/ssl_lib.c:2797:
004C6D3503720000:error:0A000126:SSL routines::unexpected eof while reading:../ssl/record/rec_layer_s3.c:698:
SSL read failed (1) - closing connection
004C6D3503720000:error:0A000197:SSL routines:SSL_shutdown:shutdown while in init:../ssl/ssl_lib.c:2797:
004C6D3503720000:error:0A000126:SSL routines::unexpected eof while reading:../ssl/record/rec_layer_s3.c:698:
Completed 300 requests
Finished 300 requests


Server Software:        Vercel
Server Hostname:        titicaca-cleantech.vercel.app
Server Port:            443
SSL/TLS Protocol:       TLSv1.3,TLS_AES_128_GCM_SHA256,2048,128
TLS Server Name:        titicaca-cleantech.vercel.app

Document Path:          /login
Document Length:        0 bytes

Concurrency Level:      30
Time taken for tests:   8.314 seconds
Complete requests:      300
Failed requests:        300
   (Connect: 0, Receive: 0, Length: 300, Exceptions: 0)
Non-2xx responses:      300
Total transferred:      8551451 bytes
Total body sent:        73500
HTML transferred:       8388251 bytes
Requests per second:    36.09 [#/sec] (mean)
Time per request:       831.350 [ms] (mean)
Time per request:       27.712 [ms] (mean, across all concurrent requests)
Transfer rate:          1004.51 [Kbytes/sec] received
                        8.63 kb/s sent
                        1013.15 kb/s total

Connection Times (ms)
              min  mean[+/-sd] median   max
Connect:      199  408 265.8    321    1912
Processing:   122  324 397.3    218    3899
Waiting:      117  257 205.9    201    1817
Total:        330  732 482.3    591    4203

Percentage of the requests served within a certain time (ms)
  50%    591
  66%    655
  75%    705
  80%    754
  90%   1474
  95%   1729
  98%   2439
  99%   2648
 100%   4203 (longest request)

[0;32m[INFO][0m Escenario 5 completado. Resultados en: results_data/escenario5.txt

