[1;33m----------------------------------------------------------------------[0m
[1;33m  Escenario 9: 300 usuarios concurrentes - Ráfaga 500 solicitudes[0m
[1;33m  Comando: ab -g results_data/escenario9.txt -n 500 -c 300 -H Accept: text/html,application/json https://titicaca-cleantech.vercel.app/[0m
[1;33m----------------------------------------------------------------------[0m
This is ApacheBench, Version 2.3 <$Revision: 1923142 $>
Copyright 1996 Adam Twiss, Zeus Technology Ltd, http://www.zeustech.net/
Licensed to The Apache Software Foundation, http://www.apache.org/

Benchmarking titicaca-cleantech.vercel.app (be patient)
SSL read failed (1) - closing connection
001C0B933A720000:error:0A000126:SSL routines::unexpected eof while reading:../ssl/record/rec_layer_s3.c:698:
SSL read failed (1) - closing connection
001C0B933A720000:error:0A000126:SSL routines::unexpected eof while reading:../ssl/record/rec_layer_s3.c:698:
SSL read failed (1) - closing connection
001C0B933A720000:error:0A000126:SSL routines::unexpected eof while reading:../ssl/record/rec_layer_s3.c:698:
SSL read failed (1) - closing connection
001C0B933A720000:error:0A000197:SSL routines:SSL_shutdown:shutdown while in init:../ssl/ssl_lib.c:2797:
SSL read failed (1) - closing connection
001C0B933A720000:error:0A000126:SSL routines::unexpected eof while reading:../ssl/record/rec_layer_s3.c:698:
SSL read failed (1) - closing connection
001C0B933A720000:error:0A000197:SSL routines:SSL_shutdown:shutdown while in init:../ssl/ssl_lib.c:2797:
SSL read failed (1) - closing connection
001C0B933A720000:error:0A000126:SSL routines::unexpected eof while reading:../ssl/record/rec_layer_s3.c:698:
SSL read failed (1) - closing connection
001C0B933A720000:error:0A000197:SSL routines:SSL_shutdown:shutdown while in init:../ssl/ssl_lib.c:2797:
SSL read failed (1) - closing connection
001C0B933A720000:error:0A000126:SSL routines::unexpected eof while reading:../ssl/record/rec_layer_s3.c:698:
SSL read failed (1) - closing connection
001C0B933A720000:error:0A000197:SSL routines:SSL_shutdown:shutdown while in init:../ssl/ssl_lib.c:2797:
001C0B933A720000:error:0A000126:SSL routines::unexpected eof while reading:../ssl/record/rec_layer_s3.c:698:
SSL read failed (1) - closing connection
001C0B933A720000:error:0A000197:SSL routines:SSL_shutdown:shutdown while in init:../ssl/ssl_lib.c:2797:
001C0B933A720000:error:0A000126:SSL routines::unexpected eof while reading:../ssl/record/rec_layer_s3.c:698:
SSL read failed (1) - closing connection
001C0B933A720000:error:0A000197:SSL routines:SSL_shutdown:shutdown while in init:../ssl/ssl_lib.c:2797:
001C0B933A720000:error:0A000126:SSL routines::unexpected eof while reading:../ssl/record/rec_layer_s3.c:698:
SSL read failed (1) - closing connection
001C0B933A720000:error:0A000126:SSL routines::unexpected eof while reading:../ssl/record/rec_layer_s3.c:698:
SSL read failed (1) - closing connection
001C0B933A720000:error:0A000197:SSL routines:SSL_shutdown:shutdown while in init:../ssl/ssl_lib.c:2797:
SSL read failed (1) - closing connection
001C0B933A720000:error:0A000126:SSL routines::unexpected eof while reading:../ssl/record/rec_layer_s3.c:698:
SSL read failed (1) - closing connection
001C0B933A720000:error:0A000126:SSL routines::unexpected eof while reading:../ssl/record/rec_layer_s3.c:698:
SSL read failed (1) - closing connection
001C0B933A720000:error:0A000197:SSL routines:SSL_shutdown:shutdown while in init:../ssl/ssl_lib.c:2797:
SSL read failed (1) - closing connection
001C0B933A720000:error:0A000126:SSL routines::unexpected eof while reading:../ssl/record/rec_layer_s3.c:698:
SSL read failed (1) - closing connection
001C0B933A720000:error:0A000197:SSL routines:SSL_shutdown:shutdown while in init:../ssl/ssl_lib.c:2797:
SSL read failed (1) - closing connection
001C0B933A720000:error:0A000126:SSL routines::unexpected eof while reading:../ssl/record/rec_layer_s3.c:698:
SSL read failed (1) - closing connection
001C0B933A720000:error:0A000197:SSL routines:SSL_shutdown:shutdown while in init:../ssl/ssl_lib.c:2797:
SSL read failed (1) - closing connection
001C0B933A720000:error:0A000126:SSL routines::unexpected eof while reading:../ssl/record/rec_layer_s3.c:698:
SSL read failed (1) - closing connection
001C0B933A720000:error:0A000197:SSL routines:SSL_shutdown:shutdown while in init:../ssl/ssl_lib.c:2797:
001C0B933A720000:error:0A000126:SSL routines::unexpected eof while reading:../ssl/record/rec_layer_s3.c:698:
SSL read failed (1) - closing connection
001C0B933A720000:error:0A000197:SSL routines:SSL_shutdown:shutdown while in init:../ssl/ssl_lib.c:2797:
SSL read failed (1) - closing connection
001C0B933A720000:error:0A000126:SSL routines::unexpected eof while reading:../ssl/record/rec_layer_s3.c:698:
SSL read failed (1) - closing connection
001C0B933A720000:error:0A000197:SSL routines:SSL_shutdown:shutdown while in init:../ssl/ssl_lib.c:2797:
SSL read failed (1) - closing connection
001C0B933A720000:error:0A000126:SSL routines::unexpected eof while reading:../ssl/record/rec_layer_s3.c:698:
SSL read failed (1) - closing connection
001C0B933A720000:error:0A000197:SSL routines:SSL_shutdown:shutdown while in init:../ssl/ssl_lib.c:2797:
001C0B933A720000:error:0A000126:SSL routines::unexpected eof while reading:../ssl/record/rec_layer_s3.c:698:
SSL read failed (1) - closing connection
001C0B933A720000:error:0A000197:SSL routines:SSL_shutdown:shutdown while in init:../ssl/ssl_lib.c:2797:
SSL read failed (1) - closing connection
001C0B933A720000:error:0A000126:SSL routines::unexpected eof while reading:../ssl/record/rec_layer_s3.c:698:
SSL read failed (1) - closing connection
001C0B933A720000:error:0A000197:SSL routines:SSL_shutdown:shutdown while in init:../ssl/ssl_lib.c:2797:
001C0B933A720000:error:0A000126:SSL routines::unexpected eof while reading:../ssl/record/rec_layer_s3.c:698:
SSL read failed (1) - closing connection
001C0B933A720000:error:0A000197:SSL routines:SSL_shutdown:shutdown while in init:../ssl/ssl_lib.c:2797:
SSL read failed (1) - closing connection
001C0B933A720000:error:0A000126:SSL routines::unexpected eof while reading:../ssl/record/rec_layer_s3.c:698:
SSL read failed (1) - closing connection
001C0B933A720000:error:0A000126:SSL routines::unexpected eof while reading:../ssl/record/rec_layer_s3.c:698:
SSL read failed (1) - closing connection
001C0B933A720000:error:0A000197:SSL routines:SSL_shutdown:shutdown while in init:../ssl/ssl_lib.c:2797:
SSL read failed (1) - closing connection
001C0B933A720000:error:0A000126:SSL routines::unexpected eof while reading:../ssl/record/rec_layer_s3.c:698:
SSL read failed (1) - closing connection
001C0B933A720000:error:0A000197:SSL routines:SSL_shutdown:shutdown while in init:../ssl/ssl_lib.c:2797:
SSL read failed (1) - closing connection
001C0B933A720000:error:0A000126:SSL routines::unexpected eof while reading:../ssl/record/rec_layer_s3.c:698:
SSL read failed (1) - closing connection
001C0B933A720000:error:0A000197:SSL routines:SSL_shutdown:shutdown while in init:../ssl/ssl_lib.c:2797:
SSL read failed (1) - closing connection
001C0B933A720000:error:0A000126:SSL routines::unexpected eof while reading:../ssl/record/rec_layer_s3.c:698:
SSL read failed (1) - closing connection
001C0B933A720000:error:0A000197:SSL routines:SSL_shutdown:shutdown while in init:../ssl/ssl_lib.c:2797:
SSL read failed (1) - closing connection
001C0B933A720000:error:0A000126:SSL routines::unexpected eof while reading:../ssl/record/rec_layer_s3.c:698:
SSL read failed (1) - closing connection
001C0B933A720000:error:0A000126:SSL routines::unexpected eof while reading:../ssl/record/rec_layer_s3.c:698:
SSL read failed (1) - closing connection
001C0B933A720000:error:0A000126:SSL routines::unexpected eof while reading:../ssl/record/rec_layer_s3.c:698:
SSL read failed (1) - closing connection
001C0B933A720000:error:0A000126:SSL routines::unexpected eof while reading:../ssl/record/rec_layer_s3.c:698:
SSL read failed (1) - closing connection
001C0B933A720000:error:0A000197:SSL routines:SSL_shutdown:shutdown while in init:../ssl/ssl_lib.c:2797:
001C0B933A720000:error:0A000126:SSL routines::unexpected eof while reading:../ssl/record/rec_layer_s3.c:698:
SSL read failed (1) - closing connection
001C0B933A720000:error:0A000197:SSL routines:SSL_shutdown:shutdown while in init:../ssl/ssl_lib.c:2797:
001C0B933A720000:error:0A000126:SSL routines::unexpected eof while reading:../ssl/record/rec_layer_s3.c:698:
SSL read failed (1) - closing connection
001C0B933A720000:error:0A000126:SSL routines::unexpected eof while reading:../ssl/record/rec_layer_s3.c:698:
SSL read failed (1) - closing connection
001C0B933A720000:error:0A000126:SSL routines::unexpected eof while reading:../ssl/record/rec_layer_s3.c:698:
SSL read failed (1) - closing connection
001C0B933A720000:error:0A000126:SSL routines::unexpected eof while reading:../ssl/record/rec_layer_s3.c:698:
SSL read failed (1) - closing connection
001C0B933A720000:error:0A000197:SSL routines:SSL_shutdown:shutdown while in init:../ssl/ssl_lib.c:2797:
SSL read failed (1) - closing connection
001C0B933A720000:error:0A000126:SSL routines::unexpected eof while reading:../ssl/record/rec_layer_s3.c:698:
SSL read failed (1) - closing connection
001C0B933A720000:error:0A000126:SSL routines::unexpected eof while reading:../ssl/record/rec_layer_s3.c:698:
SSL read failed (1) - closing connection
001C0B933A720000:error:0A000197:SSL routines:SSL_shutdown:shutdown while in init:../ssl/ssl_lib.c:2797:
001C0B933A720000:error:0A000126:SSL routines::unexpected eof while reading:../ssl/record/rec_layer_s3.c:698:
SSL read failed (1) - closing connection
001C0B933A720000:error:0A000126:SSL routines::unexpected eof while reading:../ssl/record/rec_layer_s3.c:698:
SSL read failed (1) - closing connection
001C0B933A720000:error:0A000197:SSL routines:SSL_shutdown:shutdown while in init:../ssl/ssl_lib.c:2797:
SSL read failed (1) - closing connection
001C0B933A720000:error:0A000126:SSL routines::unexpected eof while reading:../ssl/record/rec_layer_s3.c:698:
SSL read failed (1) - closing connection
001C0B933A720000:error:0A000197:SSL routines:SSL_shutdown:shutdown while in init:../ssl/ssl_lib.c:2797:
SSL read failed (1) - closing connection
001C0B933A720000:error:0A000126:SSL routines::unexpected eof while reading:../ssl/record/rec_layer_s3.c:698:
SSL read failed (1) - closing connection
001C0B933A720000:error:0A000126:SSL routines::unexpected eof while reading:../ssl/record/rec_layer_s3.c:698:
SSL read failed (1) - closing connection
001C0B933A720000:error:0A000126:SSL routines::unexpected eof while reading:../ssl/record/rec_layer_s3.c:698:
SSL read failed (1) - closing connection
001C0B933A720000:error:0A000126:SSL routines::unexpected eof while reading:../ssl/record/rec_layer_s3.c:698:
SSL read failed (1) - closing connection
001C0B933A720000:error:0A000126:SSL routines::unexpected eof while reading:../ssl/record/rec_layer_s3.c:698:
SSL read failed (1) - closing connection
001C0B933A720000:error:0A000197:SSL routines:SSL_shutdown:shutdown while in init:../ssl/ssl_lib.c:2797:
SSL read failed (1) - closing connection
001C0B933A720000:error:0A000126:SSL routines::unexpected eof while reading:../ssl/record/rec_layer_s3.c:698:
SSL read failed (1) - closing connection
001C0B933A720000:error:0A000197:SSL routines:SSL_shutdown:shutdown while in init:../ssl/ssl_lib.c:2797:
SSL read failed (1) - closing connection
001C0B933A720000:error:0A000126:SSL routines::unexpected eof while reading:../ssl/record/rec_layer_s3.c:698:
SSL read failed (1) - closing connection
001C0B933A720000:error:0A000197:SSL routines:SSL_shutdown:shutdown while in init:../ssl/ssl_lib.c:2797:
001C0B933A720000:error:0A000126:SSL routines::unexpected eof while reading:../ssl/record/rec_layer_s3.c:698:
SSL read failed (1) - closing connection
001C0B933A720000:error:0A000126:SSL routines::unexpected eof while reading:../ssl/record/rec_layer_s3.c:698:
SSL read failed (1) - closing connection
001C0B933A720000:error:0A000126:SSL routines::unexpected eof while reading:../ssl/record/rec_layer_s3.c:698:
SSL read failed (1) - closing connection
001C0B933A720000:error:0A000197:SSL routines:SSL_shutdown:shutdown while in init:../ssl/ssl_lib.c:2797:
SSL read failed (1) - closing connection
001C0B933A720000:error:0A000126:SSL routines::unexpected eof while reading:../ssl/record/rec_layer_s3.c:698:
SSL read failed (1) - closing connection
001C0B933A720000:error:0A000126:SSL routines::unexpected eof while reading:../ssl/record/rec_layer_s3.c:698:
SSL read failed (1) - closing connection
001C0B933A720000:error:0A000197:SSL routines:SSL_shutdown:shutdown while in init:../ssl/ssl_lib.c:2797:
SSL read failed (1) - closing connection
001C0B933A720000:error:0A000126:SSL routines::unexpected eof while reading:../ssl/record/rec_layer_s3.c:698:
SSL read failed (1) - closing connection
001C0B933A720000:error:0A000126:SSL routines::unexpected eof while reading:../ssl/record/rec_layer_s3.c:698:
SSL read failed (1) - closing connection
001C0B933A720000:error:0A000197:SSL routines:SSL_shutdown:shutdown while in init:../ssl/ssl_lib.c:2797:
001C0B933A720000:error:0A000126:SSL routines::unexpected eof while reading:../ssl/record/rec_layer_s3.c:698:
SSL read failed (1) - closing connection
001C0B933A720000:error:0A000197:SSL routines:SSL_shutdown:shutdown while in init:../ssl/ssl_lib.c:2797:
SSL read failed (1) - closing connection
001C0B933A720000:error:0A000126:SSL routines::unexpected eof while reading:../ssl/record/rec_layer_s3.c:698:
SSL read failed (1) - closing connection
001C0B933A720000:error:0A000197:SSL routines:SSL_shutdown:shutdown while in init:../ssl/ssl_lib.c:2797:
SSL read failed (1) - closing connection
001C0B933A720000:error:0A000126:SSL routines::unexpected eof while reading:../ssl/record/rec_layer_s3.c:698:
SSL read failed (1) - closing connection
001C0B933A720000:error:0A000126:SSL routines::unexpected eof while reading:../ssl/record/rec_layer_s3.c:698:
SSL read failed (1) - closing connection
001C0B933A720000:error:0A000197:SSL routines:SSL_shutdown:shutdown while in init:../ssl/ssl_lib.c:2797:
SSL read failed (1) - closing connection
001C0B933A720000:error:0A000126:SSL routines::unexpected eof while reading:../ssl/record/rec_layer_s3.c:698:
SSL read failed (1) - closing connection
001C0B933A720000:error:0A000197:SSL routines:SSL_shutdown:shutdown while in init:../ssl/ssl_lib.c:2797:
SSL read failed (1) - closing connection
001C0B933A720000:error:0A000126:SSL routines::unexpected eof while reading:../ssl/record/rec_layer_s3.c:698:
SSL read failed (1) - closing connection
001C0B933A720000:error:0A000197:SSL routines:SSL_shutdown:shutdown while in init:../ssl/ssl_lib.c:2797:
SSL read failed (1) - closing connection
001C0B933A720000:error:0A000126:SSL routines::unexpected eof while reading:../ssl/record/rec_layer_s3.c:698:
SSL read failed (1) - closing connection
001C0B933A720000:error:0A000197:SSL routines:SSL_shutdown:shutdown while in init:../ssl/ssl_lib.c:2797:
SSL read failed (1) - closing connection
001C0B933A720000:error:0A000126:SSL routines::unexpected eof while reading:../ssl/record/rec_layer_s3.c:698:
SSL read failed (1) - closing connection
001C0B933A720000:error:0A000197:SSL routines:SSL_shutdown:shutdown while in init:../ssl/ssl_lib.c:2797:
SSL read failed (1) - closing connection
001C0B933A720000:error:0A000126:SSL routines::unexpected eof while reading:../ssl/record/rec_layer_s3.c:698:
SSL read failed (1) - closing connection
001C0B933A720000:error:0A000197:SSL routines:SSL_shutdown:shutdown while in init:../ssl/ssl_lib.c:2797:
SSL read failed (1) - closing connection
001C0B933A720000:error:0A000126:SSL routines::unexpected eof while reading:../ssl/record/rec_layer_s3.c:698:
SSL read failed (1) - closing connection
001C0B933A720000:error:0A000126:SSL routines::unexpected eof while reading:../ssl/record/rec_layer_s3.c:698:
SSL read failed (1) - closing connection
001C0B933A720000:error:0A000197:SSL routines:SSL_shutdown:shutdown while in init:../ssl/ssl_lib.c:2797:
SSL read failed (1) - closing connection
001C0B933A720000:error:0A000126:SSL routines::unexpected eof while reading:../ssl/record/rec_layer_s3.c:698:
SSL read failed (1) - closing connection
001C0B933A720000:error:0A000197:SSL routines:SSL_shutdown:shutdown while in init:../ssl/ssl_lib.c:2797:
SSL read failed (1) - closing connection
001C0B933A720000:error:0A000126:SSL routines::unexpected eof while reading:../ssl/record/rec_layer_s3.c:698:
SSL read failed (1) - closing connection
001C0B933A720000:error:0A000197:SSL routines:SSL_shutdown:shutdown while in init:../ssl/ssl_lib.c:2797:
Completed 100 requests
SSL read failed (1) - closing connection
001C0B933A720000:error:0A000126:SSL routines::unexpected eof while reading:../ssl/record/rec_layer_s3.c:698:
SSL read failed (1) - closing connection
001C0B933A720000:error:0A000197:SSL routines:SSL_shutdown:shutdown while in init:../ssl/ssl_lib.c:2797:
SSL read failed (1) - closing connection
001C0B933A720000:error:0A000126:SSL routines::unexpected eof while reading:../ssl/record/rec_layer_s3.c:698:
SSL read failed (1) - closing connection
001C0B933A720000:error:0A000197:SSL routines:SSL_shutdown:shutdown while in init:../ssl/ssl_lib.c:2797:
SSL read failed (1) - closing connection
001C0B933A720000:error:0A000126:SSL routines::unexpected eof while reading:../ssl/record/rec_layer_s3.c:698:
SSL read failed (1) - closing connection
001C0B933A720000:error:0A000126:SSL routines::unexpected eof while reading:../ssl/record/rec_layer_s3.c:698:
SSL read failed (1) - closing connection
001C0B933A720000:error:0A000126:SSL routines::unexpected eof while reading:../ssl/record/rec_layer_s3.c:698:
SSL read failed (1) - closing connection
001C0B933A720000:error:0A000197:SSL routines:SSL_shutdown:shutdown while in init:../ssl/ssl_lib.c:2797:
SSL read failed (1) - closing connection
001C0B933A720000:error:0A000126:SSL routines::unexpected eof while reading:../ssl/record/rec_layer_s3.c:698:
SSL read failed (1) - closing connection
001C0B933A720000:error:0A000126:SSL routines::unexpected eof while reading:../ssl/record/rec_layer_s3.c:698:
SSL read failed (1) - closing connection
001C0B933A720000:error:0A000126:SSL routines::unexpected eof while reading:../ssl/record/rec_layer_s3.c:698:
SSL read failed (1) - closing connection
001C0B933A720000:error:0A000126:SSL routines::unexpected eof while reading:../ssl/record/rec_layer_s3.c:698:
SSL read failed (1) - closing connection
001C0B933A720000:error:0A000197:SSL routines:SSL_shutdown:shutdown while in init:../ssl/ssl_lib.c:2797:
SSL read failed (1) - closing connection
001C0B933A720000:error:0A000126:SSL routines::unexpected eof while reading:../ssl/record/rec_layer_s3.c:698:
SSL read failed (1) - closing connection
001C0B933A720000:error:0A000197:SSL routines:SSL_shutdown:shutdown while in init:../ssl/ssl_lib.c:2797:
SSL read failed (1) - closing connection
001C0B933A720000:error:0A000126:SSL routines::unexpected eof while reading:../ssl/record/rec_layer_s3.c:698:
SSL read failed (1) - closing connection
001C0B933A720000:error:0A000197:SSL routines:SSL_shutdown:shutdown while in init:../ssl/ssl_lib.c:2797:
SSL read failed (1) - closing connection
001C0B933A720000:error:0A000126:SSL routines::unexpected eof while reading:../ssl/record/rec_layer_s3.c:698:
SSL read failed (1) - closing connection
001C0B933A720000:error:0A000126:SSL routines::unexpected eof while reading:../ssl/record/rec_layer_s3.c:698:
SSL read failed (1) - closing connection
001C0B933A720000:error:0A000197:SSL routines:SSL_shutdown:shutdown while in init:../ssl/ssl_lib.c:2797:
001C0B933A720000:error:0A000126:SSL routines::unexpected eof while reading:../ssl/record/rec_layer_s3.c:698:
SSL read failed (1) - closing connection
001C0B933A720000:error:0A000126:SSL routines::unexpected eof while reading:../ssl/record/rec_layer_s3.c:698:
SSL read failed (1) - closing connection
001C0B933A720000:error:0A000197:SSL routines:SSL_shutdown:shutdown while in init:../ssl/ssl_lib.c:2797:
SSL read failed (1) - closing connection
001C0B933A720000:error:0A000126:SSL routines::unexpected eof while reading:../ssl/record/rec_layer_s3.c:698:
SSL read failed (1) - closing connection
001C0B933A720000:error:0A000197:SSL routines:SSL_shutdown:shutdown while in init:../ssl/ssl_lib.c:2797:
SSL read failed (1) - closing connection
001C0B933A720000:error:0A000126:SSL routines::unexpected eof while reading:../ssl/record/rec_layer_s3.c:698:
SSL read failed (1) - closing connection
001C0B933A720000:error:0A000197:SSL routines:SSL_shutdown:shutdown while in init:../ssl/ssl_lib.c:2797:
SSL read failed (1) - closing connection
001C0B933A720000:error:0A000126:SSL routines::unexpected eof while reading:../ssl/record/rec_layer_s3.c:698:
SSL read failed (1) - closing connection
001C0B933A720000:error:0A000126:SSL routines::unexpected eof while reading:../ssl/record/rec_layer_s3.c:698:
SSL read failed (1) - closing connection
001C0B933A720000:error:0A000126:SSL routines::unexpected eof while reading:../ssl/record/rec_layer_s3.c:698:
SSL read failed (1) - closing connection
001C0B933A720000:error:0A000126:SSL routines::unexpected eof while reading:../ssl/record/rec_layer_s3.c:698:
SSL read failed (1) - closing connection
001C0B933A720000:error:0A000197:SSL routines:SSL_shutdown:shutdown while in init:../ssl/ssl_lib.c:2797:
001C0B933A720000:error:0A000126:SSL routines::unexpected eof while reading:../ssl/record/rec_layer_s3.c:698:
SSL read failed (1) - closing connection
001C0B933A720000:error:0A000126:SSL routines::unexpected eof while reading:../ssl/record/rec_layer_s3.c:698:
SSL read failed (1) - closing connection
001C0B933A720000:error:0A000126:SSL routines::unexpected eof while reading:../ssl/record/rec_layer_s3.c:698:
SSL read failed (1) - closing connection
001C0B933A720000:error:0A000126:SSL routines::unexpected eof while reading:../ssl/record/rec_layer_s3.c:698:
SSL read failed (1) - closing connection
001C0B933A720000:error:0A000126:SSL routines::unexpected eof while reading:../ssl/record/rec_layer_s3.c:698:
SSL read failed (1) - closing connection
001C0B933A720000:error:0A000126:SSL routines::unexpected eof while reading:../ssl/record/rec_layer_s3.c:698:
SSL read failed (1) - closing connection
001C0B933A720000:error:0A000126:SSL routines::unexpected eof while reading:../ssl/record/rec_layer_s3.c:698:
SSL read failed (1) - closing connection
001C0B933A720000:error:0A000197:SSL routines:SSL_shutdown:shutdown while in init:../ssl/ssl_lib.c:2797:
001C0B933A720000:error:0A000126:SSL routines::unexpected eof while reading:../ssl/record/rec_layer_s3.c:698:
SSL read failed (1) - closing connection
001C0B933A720000:error:0A000197:SSL routines:SSL_shutdown:shutdown while in init:../ssl/ssl_lib.c:2797:
SSL read failed (1) - closing connection
001C0B933A720000:error:0A000126:SSL routines::unexpected eof while reading:../ssl/record/rec_layer_s3.c:698:
SSL read failed (1) - closing connection
001C0B933A720000:error:0A000197:SSL routines:SSL_shutdown:shutdown while in init:../ssl/ssl_lib.c:2797:
SSL read failed (1) - closing connection
001C0B933A720000:error:0A000126:SSL routines::unexpected eof while reading:../ssl/record/rec_layer_s3.c:698:
SSL read failed (1) - closing connection
001C0B933A720000:error:0A000197:SSL routines:SSL_shutdown:shutdown while in init:../ssl/ssl_lib.c:2797:
SSL read failed (1) - closing connection
001C0B933A720000:error:0A000126:SSL routines::unexpected eof while reading:../ssl/record/rec_layer_s3.c:698:
SSL read failed (1) - closing connection
001C0B933A720000:error:0A000197:SSL routines:SSL_shutdown:shutdown while in init:../ssl/ssl_lib.c:2797:
SSL read failed (1) - closing connection
001C0B933A720000:error:0A000126:SSL routines::unexpected eof while reading:../ssl/record/rec_layer_s3.c:698:
SSL read failed (1) - closing connection
001C0B933A720000:error:0A000126:SSL routines::unexpected eof while reading:../ssl/record/rec_layer_s3.c:698:
SSL read failed (1) - closing connection
001C0B933A720000:error:0A000126:SSL routines::unexpected eof while reading:../ssl/record/rec_layer_s3.c:698:
SSL read failed (1) - closing connection
001C0B933A720000:error:0A000197:SSL routines:SSL_shutdown:shutdown while in init:../ssl/ssl_lib.c:2797:
SSL read failed (1) - closing connection
001C0B933A720000:error:0A000126:SSL routines::unexpected eof while reading:../ssl/record/rec_layer_s3.c:698:
SSL read failed (1) - closing connection
001C0B933A720000:error:0A000197:SSL routines:SSL_shutdown:shutdown while in init:../ssl/ssl_lib.c:2797:
SSL read failed (1) - closing connection
001C0B933A720000:error:0A000126:SSL routines::unexpected eof while reading:../ssl/record/rec_layer_s3.c:698:
SSL read failed (1) - closing connection
001C0B933A720000:error:0A000197:SSL routines:SSL_shutdown:shutdown while in init:../ssl/ssl_lib.c:2797:
SSL read failed (1) - closing connection
001C0B933A720000:error:0A000126:SSL routines::unexpected eof while reading:../ssl/record/rec_layer_s3.c:698:
SSL read failed (1) - closing connection
001C0B933A720000:error:0A000197:SSL routines:SSL_shutdown:shutdown while in init:../ssl/ssl_lib.c:2797:
SSL read failed (1) - closing connection
001C0B933A720000:error:0A000126:SSL routines::unexpected eof while reading:../ssl/record/rec_layer_s3.c:698:
SSL read failed (1) - closing connection
001C0B933A720000:error:0A000197:SSL routines:SSL_shutdown:shutdown while in init:../ssl/ssl_lib.c:2797:
001C0B933A720000:error:0A000126:SSL routines::unexpected eof while reading:../ssl/record/rec_layer_s3.c:698:
SSL read failed (1) - closing connection
001C0B933A720000:error:0A000126:SSL routines::unexpected eof while reading:../ssl/record/rec_layer_s3.c:698:
SSL read failed (1) - closing connection
001C0B933A720000:error:0A000126:SSL routines::unexpected eof while reading:../ssl/record/rec_layer_s3.c:698:
SSL read failed (1) - closing connection
001C0B933A720000:error:0A000197:SSL routines:SSL_shutdown:shutdown while in init:../ssl/ssl_lib.c:2797:
SSL read failed (1) - closing connection
001C0B933A720000:error:0A000126:SSL routines::unexpected eof while reading:../ssl/record/rec_layer_s3.c:698:
SSL read failed (1) - closing connection
001C0B933A720000:error:0A000197:SSL routines:SSL_shutdown:shutdown while in init:../ssl/ssl_lib.c:2797:
SSL read failed (1) - closing connection
001C0B933A720000:error:0A000126:SSL routines::unexpected eof while reading:../ssl/record/rec_layer_s3.c:698:
SSL read failed (1) - closing connection
001C0B933A720000:error:0A000197:SSL routines:SSL_shutdown:shutdown while in init:../ssl/ssl_lib.c:2797:
SSL read failed (1) - closing connection
001C0B933A720000:error:0A000126:SSL routines::unexpected eof while reading:../ssl/record/rec_layer_s3.c:698:
SSL read failed (1) - closing connection
001C0B933A720000:error:0A000126:SSL routines::unexpected eof while reading:../ssl/record/rec_layer_s3.c:698:
SSL read failed (1) - closing connection
001C0B933A720000:error:0A000126:SSL routines::unexpected eof while reading:../ssl/record/rec_layer_s3.c:698:
SSL read failed (1) - closing connection
001C0B933A720000:error:0A000197:SSL routines:SSL_shutdown:shutdown while in init:../ssl/ssl_lib.c:2797:
SSL read failed (1) - closing connection
001C0B933A720000:error:0A000126:SSL routines::unexpected eof while reading:../ssl/record/rec_layer_s3.c:698:
SSL read failed (1) - closing connection
001C0B933A720000:error:0A000126:SSL routines::unexpected eof while reading:../ssl/record/rec_layer_s3.c:698:
SSL read failed (1) - closing connection
001C0B933A720000:error:0A000126:SSL routines::unexpected eof while reading:../ssl/record/rec_layer_s3.c:698:
SSL read failed (1) - closing connection
001C0B933A720000:error:0A000197:SSL routines:SSL_shutdown:shutdown while in init:../ssl/ssl_lib.c:2797:
SSL read failed (1) - closing connection
001C0B933A720000:error:0A000126:SSL routines::unexpected eof while reading:../ssl/record/rec_layer_s3.c:698:
SSL read failed (1) - closing connection
001C0B933A720000:error:0A000197:SSL routines:SSL_shutdown:shutdown while in init:../ssl/ssl_lib.c:2797:
001C0B933A720000:error:0A000126:SSL routines::unexpected eof while reading:../ssl/record/rec_layer_s3.c:698:
SSL read failed (1) - closing connection
001C0B933A720000:error:0A000126:SSL routines::unexpected eof while reading:../ssl/record/rec_layer_s3.c:698:
SSL read failed (1) - closing connection
001C0B933A720000:error:0A000197:SSL routines:SSL_shutdown:shutdown while in init:../ssl/ssl_lib.c:2797:
SSL read failed (1) - closing connection
001C0B933A720000:error:0A000126:SSL routines::unexpected eof while reading:../ssl/record/rec_layer_s3.c:698:
SSL read failed (1) - closing connection
001C0B933A720000:error:0A000126:SSL routines::unexpected eof while reading:../ssl/record/rec_layer_s3.c:698:
SSL read failed (1) - closing connection
001C0B933A720000:error:0A000197:SSL routines:SSL_shutdown:shutdown while in init:../ssl/ssl_lib.c:2797:
001C0B933A720000:error:0A000126:SSL routines::unexpected eof while reading:../ssl/record/rec_layer_s3.c:698:
SSL read failed (1) - closing connection
001C0B933A720000:error:0A000126:SSL routines::unexpected eof while reading:../ssl/record/rec_layer_s3.c:698:
SSL read failed (1) - closing connection
001C0B933A720000:error:0A000197:SSL routines:SSL_shutdown:shutdown while in init:../ssl/ssl_lib.c:2797:
SSL read failed (1) - closing connection
001C0B933A720000:error:0A000126:SSL routines::unexpected eof while reading:../ssl/record/rec_layer_s3.c:698:
SSL read failed (1) - closing connection
001C0B933A720000:error:0A000126:SSL routines::unexpected eof while reading:../ssl/record/rec_layer_s3.c:698:
SSL read failed (1) - closing connection
001C0B933A720000:error:0A000126:SSL routines::unexpected eof while reading:../ssl/record/rec_layer_s3.c:698:
SSL read failed (1) - closing connection
001C0B933A720000:error:0A000197:SSL routines:SSL_shutdown:shutdown while in init:../ssl/ssl_lib.c:2797:
SSL read failed (1) - closing connection
001C0B933A720000:error:0A000126:SSL routines::unexpected eof while reading:../ssl/record/rec_layer_s3.c:698:
SSL read failed (1) - closing connection
001C0B933A720000:error:0A000126:SSL routines::unexpected eof while reading:../ssl/record/rec_layer_s3.c:698:
SSL read failed (1) - closing connection
001C0B933A720000:error:0A000197:SSL routines:SSL_shutdown:shutdown while in init:../ssl/ssl_lib.c:2797:
SSL read failed (1) - closing connection
001C0B933A720000:error:0A000126:SSL routines::unexpected eof while reading:../ssl/record/rec_layer_s3.c:698:
SSL read failed (1) - closing connection
001C0B933A720000:error:0A000126:SSL routines::unexpected eof while reading:../ssl/record/rec_layer_s3.c:698:
SSL read failed (1) - closing connection
001C0B933A720000:error:0A000197:SSL routines:SSL_shutdown:shutdown while in init:../ssl/ssl_lib.c:2797:
SSL read failed (1) - closing connection
001C0B933A720000:error:0A000126:SSL routines::unexpected eof while reading:../ssl/record/rec_layer_s3.c:698:
SSL read failed (1) - closing connection
001C0B933A720000:error:0A000197:SSL routines:SSL_shutdown:shutdown while in init:../ssl/ssl_lib.c:2797:
001C0B933A720000:error:0A000126:SSL routines::unexpected eof while reading:../ssl/record/rec_layer_s3.c:698:
SSL read failed (1) - closing connection
001C0B933A720000:error:0A000126:SSL routines::unexpected eof while reading:../ssl/record/rec_layer_s3.c:698:
SSL read failed (1) - closing connection
001C0B933A720000:error:0A000126:SSL routines::unexpected eof while reading:../ssl/record/rec_layer_s3.c:698:
SSL read failed (1) - closing connection
001C0B933A720000:error:0A000126:SSL routines::unexpected eof while reading:../ssl/record/rec_layer_s3.c:698:
SSL read failed (1) - closing connection
001C0B933A720000:error:0A000126:SSL routines::unexpected eof while reading:../ssl/record/rec_layer_s3.c:698:
SSL read failed (1) - closing connection
001C0B933A720000:error:0A000126:SSL routines::unexpected eof while reading:../ssl/record/rec_layer_s3.c:698:
SSL read failed (1) - closing connection
001C0B933A720000:error:0A000197:SSL routines:SSL_shutdown:shutdown while in init:../ssl/ssl_lib.c:2797:
001C0B933A720000:error:0A000126:SSL routines::unexpected eof while reading:../ssl/record/rec_layer_s3.c:698:
SSL read failed (1) - closing connection
001C0B933A720000:error:0A000197:SSL routines:SSL_shutdown:shutdown while in init:../ssl/ssl_lib.c:2797:
Completed 200 requests
SSL read failed (1) - closing connection
001C0B933A720000:error:0A000126:SSL routines::unexpected eof while reading:../ssl/record/rec_layer_s3.c:698:
SSL read failed (1) - closing connection
001C0B933A720000:error:0A000197:SSL routines:SSL_shutdown:shutdown while in init:../ssl/ssl_lib.c:2797:
SSL read failed (1) - closing connection
001C0B933A720000:error:0A000126:SSL routines::unexpected eof while reading:../ssl/record/rec_layer_s3.c:698:
SSL read failed (1) - closing connection
001C0B933A720000:error:0A000197:SSL routines:SSL_shutdown:shutdown while in init:../ssl/ssl_lib.c:2797:
SSL read failed (1) - closing connection
001C0B933A720000:error:0A000126:SSL routines::unexpected eof while reading:../ssl/record/rec_layer_s3.c:698:
SSL read failed (1) - closing connection
001C0B933A720000:error:0A000126:SSL routines::unexpected eof while reading:../ssl/record/rec_layer_s3.c:698:
SSL read failed (1) - closing connection
001C0B933A720000:error:0A000197:SSL routines:SSL_shutdown:shutdown while in init:../ssl/ssl_lib.c:2797:
SSL read failed (1) - closing connection
001C0B933A720000:error:0A000126:SSL routines::unexpected eof while reading:../ssl/record/rec_layer_s3.c:698:
SSL read failed (1) - closing connection
001C0B933A720000:error:0A000126:SSL routines::unexpected eof while reading:../ssl/record/rec_layer_s3.c:698:
SSL read failed (1) - closing connection
001C0B933A720000:error:0A000126:SSL routines::unexpected eof while reading:../ssl/record/rec_layer_s3.c:698:
SSL read failed (1) - closing connection
001C0B933A720000:error:0A000126:SSL routines::unexpected eof while reading:../ssl/record/rec_layer_s3.c:698:
SSL read failed (1) - closing connection
001C0B933A720000:error:0A000197:SSL routines:SSL_shutdown:shutdown while in init:../ssl/ssl_lib.c:2797:
SSL read failed (1) - closing connection
001C0B933A720000:error:0A000126:SSL routines::unexpected eof while reading:../ssl/record/rec_layer_s3.c:698:
SSL read failed (1) - closing connection
001C0B933A720000:error:0A000197:SSL routines:SSL_shutdown:shutdown while in init:../ssl/ssl_lib.c:2797:
001C0B933A720000:error:0A000126:SSL routines::unexpected eof while reading:../ssl/record/rec_layer_s3.c:698:
SSL read failed (1) - closing connection
001C0B933A720000:error:0A000197:SSL routines:SSL_shutdown:shutdown while in init:../ssl/ssl_lib.c:2797:
SSL read failed (1) - closing connection
001C0B933A720000:error:0A000126:SSL routines::unexpected eof while reading:../ssl/record/rec_layer_s3.c:698:
SSL read failed (1) - closing connection
001C0B933A720000:error:0A000197:SSL routines:SSL_shutdown:shutdown while in init:../ssl/ssl_lib.c:2797:
SSL read failed (1) - closing connection
001C0B933A720000:error:0A000126:SSL routines::unexpected eof while reading:../ssl/record/rec_layer_s3.c:698:
SSL read failed (1) - closing connection
001C0B933A720000:error:0A000126:SSL routines::unexpected eof while reading:../ssl/record/rec_layer_s3.c:698:
SSL read failed (1) - closing connection
001C0B933A720000:error:0A000126:SSL routines::unexpected eof while reading:../ssl/record/rec_layer_s3.c:698:
SSL read failed (1) - closing connection
001C0B933A720000:error:0A000197:SSL routines:SSL_shutdown:shutdown while in init:../ssl/ssl_lib.c:2797:
SSL read failed (1) - closing connection
001C0B933A720000:error:0A000126:SSL routines::unexpected eof while reading:../ssl/record/rec_layer_s3.c:698:
SSL read failed (1) - closing connection
001C0B933A720000:error:0A000126:SSL routines::unexpected eof while reading:../ssl/record/rec_layer_s3.c:698:
SSL read failed (1) - closing connection
001C0B933A720000:error:0A000197:SSL routines:SSL_shutdown:shutdown while in init:../ssl/ssl_lib.c:2797:
SSL read failed (1) - closing connection
001C0B933A720000:error:0A000126:SSL routines::unexpected eof while reading:../ssl/record/rec_layer_s3.c:698:
SSL read failed (1) - closing connection
001C0B933A720000:error:0A000197:SSL routines:SSL_shutdown:shutdown while in init:../ssl/ssl_lib.c:2797:
SSL read failed (1) - closing connection
001C0B933A720000:error:0A000126:SSL routines::unexpected eof while reading:../ssl/record/rec_layer_s3.c:698:
SSL read failed (1) - closing connection
001C0B933A720000:error:0A000126:SSL routines::unexpected eof while reading:../ssl/record/rec_layer_s3.c:698:
SSL read failed (1) - closing connection
001C0B933A720000:error:0A000126:SSL routines::unexpected eof while reading:../ssl/record/rec_layer_s3.c:698:
SSL read failed (1) - closing connection
001C0B933A720000:error:0A000126:SSL routines::unexpected eof while reading:../ssl/record/rec_layer_s3.c:698:
SSL read failed (1) - closing connection
001C0B933A720000:error:0A000126:SSL routines::unexpected eof while reading:../ssl/record/rec_layer_s3.c:698:
SSL read failed (1) - closing connection
001C0B933A720000:error:0A000197:SSL routines:SSL_shutdown:shutdown while in init:../ssl/ssl_lib.c:2797:
SSL read failed (1) - closing connection
001C0B933A720000:error:0A000126:SSL routines::unexpected eof while reading:../ssl/record/rec_layer_s3.c:698:
SSL read failed (1) - closing connection
001C0B933A720000:error:0A000126:SSL routines::unexpected eof while reading:../ssl/record/rec_layer_s3.c:698:
SSL read failed (1) - closing connection
001C0B933A720000:error:0A000126:SSL routines::unexpected eof while reading:../ssl/record/rec_layer_s3.c:698:
SSL read failed (1) - closing connection
001C0B933A720000:error:0A000197:SSL routines:SSL_shutdown:shutdown while in init:../ssl/ssl_lib.c:2797:
SSL read failed (1) - closing connection
001C0B933A720000:error:0A000126:SSL routines::unexpected eof while reading:../ssl/record/rec_layer_s3.c:698:
SSL read failed (1) - closing connection
001C0B933A720000:error:0A000126:SSL routines::unexpected eof while reading:../ssl/record/rec_layer_s3.c:698:
SSL read failed (1) - closing connection
001C0B933A720000:error:0A000197:SSL routines:SSL_shutdown:shutdown while in init:../ssl/ssl_lib.c:2797:
SSL read failed (1) - closing connection
001C0B933A720000:error:0A000126:SSL routines::unexpected eof while reading:../ssl/record/rec_layer_s3.c:698:
SSL read failed (1) - closing connection
001C0B933A720000:error:0A000197:SSL routines:SSL_shutdown:shutdown while in init:../ssl/ssl_lib.c:2797:
SSL read failed (1) - closing connection
001C0B933A720000:error:0A000126:SSL routines::unexpected eof while reading:../ssl/record/rec_layer_s3.c:698:
SSL read failed (1) - closing connection
001C0B933A720000:error:0A000197:SSL routines:SSL_shutdown:shutdown while in init:../ssl/ssl_lib.c:2797:
SSL read failed (1) - closing connection
001C0B933A720000:error:0A000126:SSL routines::unexpected eof while reading:../ssl/record/rec_layer_s3.c:698:
SSL read failed (1) - closing connection
001C0B933A720000:error:0A000197:SSL routines:SSL_shutdown:shutdown while in init:../ssl/ssl_lib.c:2797:
SSL read failed (1) - closing connection
001C0B933A720000:error:0A000126:SSL routines::unexpected eof while reading:../ssl/record/rec_layer_s3.c:698:
SSL read failed (1) - closing connection
001C0B933A720000:error:0A000197:SSL routines:SSL_shutdown:shutdown while in init:../ssl/ssl_lib.c:2797:
SSL read failed (1) - closing connection
001C0B933A720000:error:0A000126:SSL routines::unexpected eof while reading:../ssl/record/rec_layer_s3.c:698:
SSL read failed (1) - closing connection
001C0B933A720000:error:0A000126:SSL routines::unexpected eof while reading:../ssl/record/rec_layer_s3.c:698:
SSL read failed (1) - closing connection
001C0B933A720000:error:0A000126:SSL routines::unexpected eof while reading:../ssl/record/rec_layer_s3.c:698:
SSL read failed (1) - closing connection
001C0B933A720000:error:0A000126:SSL routines::unexpected eof while reading:../ssl/record/rec_layer_s3.c:698:
SSL read failed (1) - closing connection
001C0B933A720000:error:0A000126:SSL routines::unexpected eof while reading:../ssl/record/rec_layer_s3.c:698:
SSL read failed (1) - closing connection
001C0B933A720000:error:0A000197:SSL routines:SSL_shutdown:shutdown while in init:../ssl/ssl_lib.c:2797:
SSL read failed (1) - closing connection
001C0B933A720000:error:0A000126:SSL routines::unexpected eof while reading:../ssl/record/rec_layer_s3.c:698:
SSL read failed (1) - closing connection
001C0B933A720000:error:0A000126:SSL routines::unexpected eof while reading:../ssl/record/rec_layer_s3.c:698:
SSL read failed (1) - closing connection
001C0B933A720000:error:0A000126:SSL routines::unexpected eof while reading:../ssl/record/rec_layer_s3.c:698:
SSL read failed (1) - closing connection
001C0B933A720000:error:0A000197:SSL routines:SSL_shutdown:shutdown while in init:../ssl/ssl_lib.c:2797:
SSL read failed (1) - closing connection
001C0B933A720000:error:0A000126:SSL routines::unexpected eof while reading:../ssl/record/rec_layer_s3.c:698:
SSL read failed (1) - closing connection
001C0B933A720000:error:0A000197:SSL routines:SSL_shutdown:shutdown while in init:../ssl/ssl_lib.c:2797:
SSL read failed (1) - closing connection
001C0B933A720000:error:0A000126:SSL routines::unexpected eof while reading:../ssl/record/rec_layer_s3.c:698:
SSL read failed (1) - closing connection
001C0B933A720000:error:0A000126:SSL routines::unexpected eof while reading:../ssl/record/rec_layer_s3.c:698:
SSL read failed (1) - closing connection
001C0B933A720000:error:0A000197:SSL routines:SSL_shutdown:shutdown while in init:../ssl/ssl_lib.c:2797:
SSL read failed (1) - closing connection
001C0B933A720000:error:0A000126:SSL routines::unexpected eof while reading:../ssl/record/rec_layer_s3.c:698:
SSL read failed (1) - closing connection
001C0B933A720000:error:0A000197:SSL routines:SSL_shutdown:shutdown while in init:../ssl/ssl_lib.c:2797:
SSL read failed (1) - closing connection
001C0B933A720000:error:0A000126:SSL routines::unexpected eof while reading:../ssl/record/rec_layer_s3.c:698:
SSL read failed (1) - closing connection
001C0B933A720000:error:0A000126:SSL routines::unexpected eof while reading:../ssl/record/rec_layer_s3.c:698:
SSL read failed (1) - closing connection
001C0B933A720000:error:0A000197:SSL routines:SSL_shutdown:shutdown while in init:../ssl/ssl_lib.c:2797:
001C0B933A720000:error:0A000126:SSL routines::unexpected eof while reading:../ssl/record/rec_layer_s3.c:698:
SSL read failed (1) - closing connection
001C0B933A720000:error:0A000197:SSL routines:SSL_shutdown:shutdown while in init:../ssl/ssl_lib.c:2797:
SSL read failed (1) - closing connection
001C0B933A720000:error:0A000126:SSL routines::unexpected eof while reading:../ssl/record/rec_layer_s3.c:698:
SSL read failed (1) - closing connection
001C0B933A720000:error:0A000126:SSL routines::unexpected eof while reading:../ssl/record/rec_layer_s3.c:698:
SSL read failed (1) - closing connection
001C0B933A720000:error:0A000126:SSL routines::unexpected eof while reading:../ssl/record/rec_layer_s3.c:698:
SSL read failed (1) - closing connection
001C0B933A720000:error:0A000126:SSL routines::unexpected eof while reading:../ssl/record/rec_layer_s3.c:698:
SSL read failed (1) - closing connection
001C0B933A720000:error:0A000126:SSL routines::unexpected eof while reading:../ssl/record/rec_layer_s3.c:698:
SSL read failed (1) - closing connection
001C0B933A720000:error:0A000126:SSL routines::unexpected eof while reading:../ssl/record/rec_layer_s3.c:698:
SSL read failed (1) - closing connection
001C0B933A720000:error:0A000126:SSL routines::unexpected eof while reading:../ssl/record/rec_layer_s3.c:698:
SSL read failed (1) - closing connection
001C0B933A720000:error:0A000197:SSL routines:SSL_shutdown:shutdown while in init:../ssl/ssl_lib.c:2797:
SSL read failed (1) - closing connection
001C0B933A720000:error:0A000126:SSL routines::unexpected eof while reading:../ssl/record/rec_layer_s3.c:698:
SSL read failed (1) - closing connection
001C0B933A720000:error:0A000197:SSL routines:SSL_shutdown:shutdown while in init:../ssl/ssl_lib.c:2797:
SSL read failed (1) - closing connection
001C0B933A720000:error:0A000126:SSL routines::unexpected eof while reading:../ssl/record/rec_layer_s3.c:698:
SSL read failed (1) - closing connection
001C0B933A720000:error:0A000197:SSL routines:SSL_shutdown:shutdown while in init:../ssl/ssl_lib.c:2797:
SSL read failed (1) - closing connection
001C0B933A720000:error:0A000126:SSL routines::unexpected eof while reading:../ssl/record/rec_layer_s3.c:698:
SSL read failed (1) - closing connection
001C0B933A720000:error:0A000126:SSL routines::unexpected eof while reading:../ssl/record/rec_layer_s3.c:698:
SSL read failed (1) - closing connection
001C0B933A720000:error:0A000126:SSL routines::unexpected eof while reading:../ssl/record/rec_layer_s3.c:698:
SSL read failed (1) - closing connection
001C0B933A720000:error:0A000126:SSL routines::unexpected eof while reading:../ssl/record/rec_layer_s3.c:698:
SSL read failed (1) - closing connection
001C0B933A720000:error:0A000197:SSL routines:SSL_shutdown:shutdown while in init:../ssl/ssl_lib.c:2797:
SSL read failed (1) - closing connection
001C0B933A720000:error:0A000126:SSL routines::unexpected eof while reading:../ssl/record/rec_layer_s3.c:698:
SSL read failed (1) - closing connection
001C0B933A720000:error:0A000197:SSL routines:SSL_shutdown:shutdown while in init:../ssl/ssl_lib.c:2797:
SSL read failed (1) - closing connection
001C0B933A720000:error:0A000126:SSL routines::unexpected eof while reading:../ssl/record/rec_layer_s3.c:698:
SSL read failed (1) - closing connection
001C0B933A720000:error:0A000126:SSL routines::unexpected eof while reading:../ssl/record/rec_layer_s3.c:698:
SSL read failed (1) - closing connection
001C0B933A720000:error:0A000126:SSL routines::unexpected eof while reading:../ssl/record/rec_layer_s3.c:698:
SSL read failed (1) - closing connection
001C0B933A720000:error:0A000197:SSL routines:SSL_shutdown:shutdown while in init:../ssl/ssl_lib.c:2797:
001C0B933A720000:error:0A000126:SSL routines::unexpected eof while reading:../ssl/record/rec_layer_s3.c:698:
SSL read failed (1) - closing connection
001C0B933A720000:error:0A000197:SSL routines:SSL_shutdown:shutdown while in init:../ssl/ssl_lib.c:2797:
SSL read failed (1) - closing connection
001C0B933A720000:error:0A000126:SSL routines::unexpected eof while reading:../ssl/record/rec_layer_s3.c:698:
SSL read failed (1) - closing connection
001C0B933A720000:error:0A000126:SSL routines::unexpected eof while reading:../ssl/record/rec_layer_s3.c:698:
SSL read failed (1) - closing connection
001C0B933A720000:error:0A000197:SSL routines:SSL_shutdown:shutdown while in init:../ssl/ssl_lib.c:2797:
SSL read failed (1) - closing connection
001C0B933A720000:error:0A000126:SSL routines::unexpected eof while reading:../ssl/record/rec_layer_s3.c:698:
SSL read failed (1) - closing connection
001C0B933A720000:error:0A000126:SSL routines::unexpected eof while reading:../ssl/record/rec_layer_s3.c:698:
SSL read failed (1) - closing connection
001C0B933A720000:error:0A000197:SSL routines:SSL_shutdown:shutdown while in init:../ssl/ssl_lib.c:2797:
SSL read failed (1) - closing connection
001C0B933A720000:error:0A000126:SSL routines::unexpected eof while reading:../ssl/record/rec_layer_s3.c:698:
SSL read failed (1) - closing connection
001C0B933A720000:error:0A000197:SSL routines:SSL_shutdown:shutdown while in init:../ssl/ssl_lib.c:2797:
Completed 300 requests
SSL read failed (1) - closing connection
001C0B933A720000:error:0A000126:SSL routines::unexpected eof while reading:../ssl/record/rec_layer_s3.c:698:
SSL read failed (1) - closing connection
001C0B933A720000:error:0A000126:SSL routines::unexpected eof while reading:../ssl/record/rec_layer_s3.c:698:
SSL read failed (1) - closing connection
001C0B933A720000:error:0A000126:SSL routines::unexpected eof while reading:../ssl/record/rec_layer_s3.c:698:
SSL read failed (1) - closing connection
001C0B933A720000:error:0A000126:SSL routines::unexpected eof while reading:../ssl/record/rec_layer_s3.c:698:
SSL read failed (1) - closing connection
001C0B933A720000:error:0A000197:SSL routines:SSL_shutdown:shutdown while in init:../ssl/ssl_lib.c:2797:
SSL read failed (1) - closing connection
001C0B933A720000:error:0A000126:SSL routines::unexpected eof while reading:../ssl/record/rec_layer_s3.c:698:
SSL read failed (1) - closing connection
001C0B933A720000:error:0A000126:SSL routines::unexpected eof while reading:../ssl/record/rec_layer_s3.c:698:
SSL read failed (1) - closing connection
001C0B933A720000:error:0A000126:SSL routines::unexpected eof while reading:../ssl/record/rec_layer_s3.c:698:
SSL read failed (1) - closing connection
001C0B933A720000:error:0A000197:SSL routines:SSL_shutdown:shutdown while in init:../ssl/ssl_lib.c:2797:
SSL read failed (1) - closing connection
001C0B933A720000:error:0A000126:SSL routines::unexpected eof while reading:../ssl/record/rec_layer_s3.c:698:
SSL read failed (1) - closing connection
001C0B933A720000:error:0A000197:SSL routines:SSL_shutdown:shutdown while in init:../ssl/ssl_lib.c:2797:
001C0B933A720000:error:0A000126:SSL routines::unexpected eof while reading:../ssl/record/rec_layer_s3.c:698:
SSL read failed (1) - closing connection
001C0B933A720000:error:0A000197:SSL routines:SSL_shutdown:shutdown while in init:../ssl/ssl_lib.c:2797:
SSL read failed (1) - closing connection
001C0B933A720000:error:0A000126:SSL routines::unexpected eof while reading:../ssl/record/rec_layer_s3.c:698:
SSL read failed (1) - closing connection
001C0B933A720000:error:0A000197:SSL routines:SSL_shutdown:shutdown while in init:../ssl/ssl_lib.c:2797:
SSL read failed (1) - closing connection
001C0B933A720000:error:0A000126:SSL routines::unexpected eof while reading:../ssl/record/rec_layer_s3.c:698:
SSL read failed (1) - closing connection
001C0B933A720000:error:0A000197:SSL routines:SSL_shutdown:shutdown while in init:../ssl/ssl_lib.c:2797:
SSL read failed (1) - closing connection
001C0B933A720000:error:0A000126:SSL routines::unexpected eof while reading:../ssl/record/rec_layer_s3.c:698:
SSL read failed (1) - closing connection
001C0B933A720000:error:0A000197:SSL routines:SSL_shutdown:shutdown while in init:../ssl/ssl_lib.c:2797:
SSL read failed (1) - closing connection
001C0B933A720000:error:0A000126:SSL routines::unexpected eof while reading:../ssl/record/rec_layer_s3.c:698:
SSL read failed (1) - closing connection
001C0B933A720000:error:0A000197:SSL routines:SSL_shutdown:shutdown while in init:../ssl/ssl_lib.c:2797:
SSL read failed (1) - closing connection
001C0B933A720000:error:0A000126:SSL routines::unexpected eof while reading:../ssl/record/rec_layer_s3.c:698:
SSL read failed (1) - closing connection
001C0B933A720000:error:0A000197:SSL routines:SSL_shutdown:shutdown while in init:../ssl/ssl_lib.c:2797:
SSL read failed (1) - closing connection
001C0B933A720000:error:0A000126:SSL routines::unexpected eof while reading:../ssl/record/rec_layer_s3.c:698:
SSL read failed (1) - closing connection
001C0B933A720000:error:0A000197:SSL routines:SSL_shutdown:shutdown while in init:../ssl/ssl_lib.c:2797:
SSL read failed (1) - closing connection
001C0B933A720000:error:0A000126:SSL routines::unexpected eof while reading:../ssl/record/rec_layer_s3.c:698:
SSL read failed (1) - closing connection
001C0B933A720000:error:0A000197:SSL routines:SSL_shutdown:shutdown while in init:../ssl/ssl_lib.c:2797:
001C0B933A720000:error:0A000126:SSL routines::unexpected eof while reading:../ssl/record/rec_layer_s3.c:698:
SSL read failed (1) - closing connection
001C0B933A720000:error:0A000126:SSL routines::unexpected eof while reading:../ssl/record/rec_layer_s3.c:698:
SSL read failed (1) - closing connection
001C0B933A720000:error:0A000126:SSL routines::unexpected eof while reading:../ssl/record/rec_layer_s3.c:698:
SSL read failed (1) - closing connection
001C0B933A720000:error:0A000126:SSL routines::unexpected eof while reading:../ssl/record/rec_layer_s3.c:698:
SSL read failed (1) - closing connection
001C0B933A720000:error:0A000126:SSL routines::unexpected eof while reading:../ssl/record/rec_layer_s3.c:698:
SSL read failed (1) - closing connection
001C0B933A720000:error:0A000197:SSL routines:SSL_shutdown:shutdown while in init:../ssl/ssl_lib.c:2797:
SSL read failed (1) - closing connection
001C0B933A720000:error:0A000126:SSL routines::unexpected eof while reading:../ssl/record/rec_layer_s3.c:698:
SSL read failed (1) - closing connection
001C0B933A720000:error:0A000197:SSL routines:SSL_shutdown:shutdown while in init:../ssl/ssl_lib.c:2797:
SSL read failed (1) - closing connection
001C0B933A720000:error:0A000126:SSL routines::unexpected eof while reading:../ssl/record/rec_layer_s3.c:698:
SSL read failed (1) - closing connection
001C0B933A720000:error:0A000126:SSL routines::unexpected eof while reading:../ssl/record/rec_layer_s3.c:698:
SSL read failed (1) - closing connection
001C0B933A720000:error:0A000197:SSL routines:SSL_shutdown:shutdown while in init:../ssl/ssl_lib.c:2797:
SSL read failed (1) - closing connection
001C0B933A720000:error:0A000126:SSL routines::unexpected eof while reading:../ssl/record/rec_layer_s3.c:698:
SSL read failed (1) - closing connection
001C0B933A720000:error:0A000126:SSL routines::unexpected eof while reading:../ssl/record/rec_layer_s3.c:698:
SSL read failed (1) - closing connection
001C0B933A720000:error:0A000126:SSL routines::unexpected eof while reading:../ssl/record/rec_layer_s3.c:698:
SSL read failed (1) - closing connection
001C0B933A720000:error:0A000197:SSL routines:SSL_shutdown:shutdown while in init:../ssl/ssl_lib.c:2797:
SSL read failed (1) - closing connection
001C0B933A720000:error:0A000126:SSL routines::unexpected eof while reading:../ssl/record/rec_layer_s3.c:698:
SSL read failed (1) - closing connection
001C0B933A720000:error:0A000126:SSL routines::unexpected eof while reading:../ssl/record/rec_layer_s3.c:698:
SSL read failed (1) - closing connection
001C0B933A720000:error:0A000197:SSL routines:SSL_shutdown:shutdown while in init:../ssl/ssl_lib.c:2797:
SSL read failed (1) - closing connection
001C0B933A720000:error:0A000126:SSL routines::unexpected eof while reading:../ssl/record/rec_layer_s3.c:698:
SSL read failed (1) - closing connection
001C0B933A720000:error:0A000126:SSL routines::unexpected eof while reading:../ssl/record/rec_layer_s3.c:698:
SSL read failed (1) - closing connection
001C0B933A720000:error:0A000126:SSL routines::unexpected eof while reading:../ssl/record/rec_layer_s3.c:698:
SSL read failed (1) - closing connection
001C0B933A720000:error:0A000126:SSL routines::unexpected eof while reading:../ssl/record/rec_layer_s3.c:698:
SSL read failed (1) - closing connection
001C0B933A720000:error:0A000197:SSL routines:SSL_shutdown:shutdown while in init:../ssl/ssl_lib.c:2797:
SSL read failed (1) - closing connection
001C0B933A720000:error:0A000126:SSL routines::unexpected eof while reading:../ssl/record/rec_layer_s3.c:698:
SSL read failed (1) - closing connection
001C0B933A720000:error:0A000126:SSL routines::unexpected eof while reading:../ssl/record/rec_layer_s3.c:698:
SSL read failed (1) - closing connection
001C0B933A720000:error:0A000197:SSL routines:SSL_shutdown:shutdown while in init:../ssl/ssl_lib.c:2797:
SSL read failed (1) - closing connection
001C0B933A720000:error:0A000126:SSL routines::unexpected eof while reading:../ssl/record/rec_layer_s3.c:698:
SSL read failed (1) - closing connection
001C0B933A720000:error:0A000197:SSL routines:SSL_shutdown:shutdown while in init:../ssl/ssl_lib.c:2797:
SSL read failed (1) - closing connection
001C0B933A720000:error:0A000126:SSL routines::unexpected eof while reading:../ssl/record/rec_layer_s3.c:698:
SSL read failed (1) - closing connection
001C0B933A720000:error:0A000197:SSL routines:SSL_shutdown:shutdown while in init:../ssl/ssl_lib.c:2797:
SSL read failed (1) - closing connection
001C0B933A720000:error:0A000126:SSL routines::unexpected eof while reading:../ssl/record/rec_layer_s3.c:698:
SSL read failed (1) - closing connection
001C0B933A720000:error:0A000197:SSL routines:SSL_shutdown:shutdown while in init:../ssl/ssl_lib.c:2797:
SSL read failed (1) - closing connection
001C0B933A720000:error:0A000126:SSL routines::unexpected eof while reading:../ssl/record/rec_layer_s3.c:698:
SSL read failed (1) - closing connection
001C0B933A720000:error:0A000197:SSL routines:SSL_shutdown:shutdown while in init:../ssl/ssl_lib.c:2797:
SSL read failed (1) - closing connection
001C0B933A720000:error:0A000126:SSL routines::unexpected eof while reading:../ssl/record/rec_layer_s3.c:698:
SSL read failed (1) - closing connection
001C0B933A720000:error:0A000197:SSL routines:SSL_shutdown:shutdown while in init:../ssl/ssl_lib.c:2797:
SSL read failed (1) - closing connection
001C0B933A720000:error:0A000126:SSL routines::unexpected eof while reading:../ssl/record/rec_layer_s3.c:698:
SSL read failed (1) - closing connection
001C0B933A720000:error:0A000126:SSL routines::unexpected eof while reading:../ssl/record/rec_layer_s3.c:698:
SSL read failed (1) - closing connection
001C0B933A720000:error:0A000197:SSL routines:SSL_shutdown:shutdown while in init:../ssl/ssl_lib.c:2797:
SSL read failed (1) - closing connection
001C0B933A720000:error:0A000126:SSL routines::unexpected eof while reading:../ssl/record/rec_layer_s3.c:698:
SSL read failed (1) - closing connection
001C0B933A720000:error:0A000126:SSL routines::unexpected eof while reading:../ssl/record/rec_layer_s3.c:698:
SSL read failed (1) - closing connection
001C0B933A720000:error:0A000197:SSL routines:SSL_shutdown:shutdown while in init:../ssl/ssl_lib.c:2797:
SSL read failed (1) - closing connection
001C0B933A720000:error:0A000126:SSL routines::unexpected eof while reading:../ssl/record/rec_layer_s3.c:698:
SSL read failed (1) - closing connection
001C0B933A720000:error:0A000126:SSL routines::unexpected eof while reading:../ssl/record/rec_layer_s3.c:698:
SSL read failed (1) - closing connection
001C0B933A720000:error:0A000126:SSL routines::unexpected eof while reading:../ssl/record/rec_layer_s3.c:698:
SSL read failed (1) - closing connection
001C0B933A720000:error:0A000197:SSL routines:SSL_shutdown:shutdown while in init:../ssl/ssl_lib.c:2797:
SSL read failed (1) - closing connection
001C0B933A720000:error:0A000126:SSL routines::unexpected eof while reading:../ssl/record/rec_layer_s3.c:698:
SSL read failed (1) - closing connection
001C0B933A720000:error:0A000197:SSL routines:SSL_shutdown:shutdown while in init:../ssl/ssl_lib.c:2797:
SSL read failed (1) - closing connection
001C0B933A720000:error:0A000126:SSL routines::unexpected eof while reading:../ssl/record/rec_layer_s3.c:698:
SSL read failed (1) - closing connection
001C0B933A720000:error:0A000126:SSL routines::unexpected eof while reading:../ssl/record/rec_layer_s3.c:698:
SSL read failed (1) - closing connection
001C0B933A720000:error:0A000126:SSL routines::unexpected eof while reading:../ssl/record/rec_layer_s3.c:698:
SSL read failed (1) - closing connection
001C0B933A720000:error:0A000197:SSL routines:SSL_shutdown:shutdown while in init:../ssl/ssl_lib.c:2797:
001C0B933A720000:error:0A000126:SSL routines::unexpected eof while reading:../ssl/record/rec_layer_s3.c:698:
SSL read failed (1) - closing connection
001C0B933A720000:error:0A000197:SSL routines:SSL_shutdown:shutdown while in init:../ssl/ssl_lib.c:2797:
SSL read failed (1) - closing connection
001C0B933A720000:error:0A000126:SSL routines::unexpected eof while reading:../ssl/record/rec_layer_s3.c:698:
SSL read failed (1) - closing connection
001C0B933A720000:error:0A000197:SSL routines:SSL_shutdown:shutdown while in init:../ssl/ssl_lib.c:2797:
001C0B933A720000:error:0A000126:SSL routines::unexpected eof while reading:../ssl/record/rec_layer_s3.c:698:
SSL read failed (1) - closing connection
001C0B933A720000:error:0A000197:SSL routines:SSL_shutdown:shutdown while in init:../ssl/ssl_lib.c:2797:
SSL read failed (1) - closing connection
001C0B933A720000:error:0A000126:SSL routines::unexpected eof while reading:../ssl/record/rec_layer_s3.c:698:
SSL read failed (1) - closing connection
001C0B933A720000:error:0A000197:SSL routines:SSL_shutdown:shutdown while in init:../ssl/ssl_lib.c:2797:
SSL read failed (1) - closing connection
001C0B933A720000:error:0A000126:SSL routines::unexpected eof while reading:../ssl/record/rec_layer_s3.c:698:
SSL read failed (1) - closing connection
001C0B933A720000:error:0A000197:SSL routines:SSL_shutdown:shutdown while in init:../ssl/ssl_lib.c:2797:
SSL read failed (1) - closing connection
001C0B933A720000:error:0A000126:SSL routines::unexpected eof while reading:../ssl/record/rec_layer_s3.c:698:
SSL read failed (1) - closing connection
001C0B933A720000:error:0A000126:SSL routines::unexpected eof while reading:../ssl/record/rec_layer_s3.c:698:
SSL read failed (1) - closing connection
001C0B933A720000:error:0A000197:SSL routines:SSL_shutdown:shutdown while in init:../ssl/ssl_lib.c:2797:
001C0B933A720000:error:0A000126:SSL routines::unexpected eof while reading:../ssl/record/rec_layer_s3.c:698:
SSL read failed (1) - closing connection
001C0B933A720000:error:0A000126:SSL routines::unexpected eof while reading:../ssl/record/rec_layer_s3.c:698:
SSL read failed (1) - closing connection
001C0B933A720000:error:0A000197:SSL routines:SSL_shutdown:shutdown while in init:../ssl/ssl_lib.c:2797:
001C0B933A720000:error:0A000126:SSL routines::unexpected eof while reading:../ssl/record/rec_layer_s3.c:698:
SSL read failed (1) - closing connection
001C0B933A720000:error:0A000197:SSL routines:SSL_shutdown:shutdown while in init:../ssl/ssl_lib.c:2797:
SSL read failed (1) - closing connection
001C0B933A720000:error:0A000126:SSL routines::unexpected eof while reading:../ssl/record/rec_layer_s3.c:698:
SSL read failed (1) - closing connection
001C0B933A720000:error:0A000197:SSL routines:SSL_shutdown:shutdown while in init:../ssl/ssl_lib.c:2797:
001C0B933A720000:error:0A000126:SSL routines::unexpected eof while reading:../ssl/record/rec_layer_s3.c:698:
SSL read failed (1) - closing connection
001C0B933A720000:error:0A000197:SSL routines:SSL_shutdown:shutdown while in init:../ssl/ssl_lib.c:2797:
SSL read failed (1) - closing connection
001C0B933A720000:error:0A000126:SSL routines::unexpected eof while reading:../ssl/record/rec_layer_s3.c:698:
SSL read failed (1) - closing connection
001C0B933A720000:error:0A000197:SSL routines:SSL_shutdown:shutdown while in init:../ssl/ssl_lib.c:2797:
SSL read failed (1) - closing connection
001C0B933A720000:error:0A000126:SSL routines::unexpected eof while reading:../ssl/record/rec_layer_s3.c:698:
SSL read failed (1) - closing connection
001C0B933A720000:error:0A000126:SSL routines::unexpected eof while reading:../ssl/record/rec_layer_s3.c:698:
SSL read failed (1) - closing connection
001C0B933A720000:error:0A000197:SSL routines:SSL_shutdown:shutdown while in init:../ssl/ssl_lib.c:2797:
SSL read failed (1) - closing connection
001C0B933A720000:error:0A000126:SSL routines::unexpected eof while reading:../ssl/record/rec_layer_s3.c:698:
Completed 400 requests
SSL read failed (1) - closing connection
001C0B933A720000:error:0A000126:SSL routines::unexpected eof while reading:../ssl/record/rec_layer_s3.c:698:
SSL read failed (1) - closing connection
001C0B933A720000:error:0A000197:SSL routines:SSL_shutdown:shutdown while in init:../ssl/ssl_lib.c:2797:
SSL read failed (1) - closing connection
001C0B933A720000:error:0A000126:SSL routines::unexpected eof while reading:../ssl/record/rec_layer_s3.c:698:
SSL read failed (1) - closing connection
001C0B933A720000:error:0A000197:SSL routines:SSL_shutdown:shutdown while in init:../ssl/ssl_lib.c:2797:
001C0B933A720000:error:0A000126:SSL routines::unexpected eof while reading:../ssl/record/rec_layer_s3.c:698:
SSL read failed (1) - closing connection
001C0B933A720000:error:0A000197:SSL routines:SSL_shutdown:shutdown while in init:../ssl/ssl_lib.c:2797:
SSL read failed (1) - closing connection
001C0B933A720000:error:0A000126:SSL routines::unexpected eof while reading:../ssl/record/rec_layer_s3.c:698:
SSL read failed (1) - closing connection
001C0B933A720000:error:0A000126:SSL routines::unexpected eof while reading:../ssl/record/rec_layer_s3.c:698:
SSL read failed (1) - closing connection
001C0B933A720000:error:0A000197:SSL routines:SSL_shutdown:shutdown while in init:../ssl/ssl_lib.c:2797:
SSL read failed (1) - closing connection
001C0B933A720000:error:0A000126:SSL routines::unexpected eof while reading:../ssl/record/rec_layer_s3.c:698:
SSL read failed (1) - closing connection
001C0B933A720000:error:0A000197:SSL routines:SSL_shutdown:shutdown while in init:../ssl/ssl_lib.c:2797:
SSL read failed (1) - closing connection
001C0B933A720000:error:0A000126:SSL routines::unexpected eof while reading:../ssl/record/rec_layer_s3.c:698:
SSL read failed (1) - closing connection
001C0B933A720000:error:0A000197:SSL routines:SSL_shutdown:shutdown while in init:../ssl/ssl_lib.c:2797:
SSL read failed (1) - closing connection
001C0B933A720000:error:0A000126:SSL routines::unexpected eof while reading:../ssl/record/rec_layer_s3.c:698:
SSL read failed (1) - closing connection
001C0B933A720000:error:0A000197:SSL routines:SSL_shutdown:shutdown while in init:../ssl/ssl_lib.c:2797:
SSL read failed (1) - closing connection
001C0B933A720000:error:0A000126:SSL routines::unexpected eof while reading:../ssl/record/rec_layer_s3.c:698:
SSL read failed (1) - closing connection
001C0B933A720000:error:0A000126:SSL routines::unexpected eof while reading:../ssl/record/rec_layer_s3.c:698:
SSL read failed (1) - closing connection
001C0B933A720000:error:0A000197:SSL routines:SSL_shutdown:shutdown while in init:../ssl/ssl_lib.c:2797:
SSL read failed (1) - closing connection
001C0B933A720000:error:0A000126:SSL routines::unexpected eof while reading:../ssl/record/rec_layer_s3.c:698:
SSL read failed (1) - closing connection
001C0B933A720000:error:0A000126:SSL routines::unexpected eof while reading:../ssl/record/rec_layer_s3.c:698:
SSL read failed (1) - closing connection
001C0B933A720000:error:0A000126:SSL routines::unexpected eof while reading:../ssl/record/rec_layer_s3.c:698:
SSL read failed (1) - closing connection
001C0B933A720000:error:0A000197:SSL routines:SSL_shutdown:shutdown while in init:../ssl/ssl_lib.c:2797:
SSL read failed (1) - closing connection
001C0B933A720000:error:0A000126:SSL routines::unexpected eof while reading:../ssl/record/rec_layer_s3.c:698:
SSL read failed (1) - closing connection
001C0B933A720000:error:0A000126:SSL routines::unexpected eof while reading:../ssl/record/rec_layer_s3.c:698:
SSL read failed (1) - closing connection
001C0B933A720000:error:0A000126:SSL routines::unexpected eof while reading:../ssl/record/rec_layer_s3.c:698:
SSL read failed (1) - closing connection
001C0B933A720000:error:0A000197:SSL routines:SSL_shutdown:shutdown while in init:../ssl/ssl_lib.c:2797:
SSL read failed (1) - closing connection
001C0B933A720000:error:0A000126:SSL routines::unexpected eof while reading:../ssl/record/rec_layer_s3.c:698:
SSL read failed (1) - closing connection
001C0B933A720000:error:0A000197:SSL routines:SSL_shutdown:shutdown while in init:../ssl/ssl_lib.c:2797:
001C0B933A720000:error:0A000126:SSL routines::unexpected eof while reading:../ssl/record/rec_layer_s3.c:698:
SSL read failed (1) - closing connection
001C0B933A720000:error:0A000126:SSL routines::unexpected eof while reading:../ssl/record/rec_layer_s3.c:698:
SSL read failed (1) - closing connection
001C0B933A720000:error:0A000197:SSL routines:SSL_shutdown:shutdown while in init:../ssl/ssl_lib.c:2797:
001C0B933A720000:error:0A000126:SSL routines::unexpected eof while reading:../ssl/record/rec_layer_s3.c:698:
SSL read failed (1) - closing connection
001C0B933A720000:error:0A000197:SSL routines:SSL_shutdown:shutdown while in init:../ssl/ssl_lib.c:2797:
SSL read failed (1) - closing connection
001C0B933A720000:error:0A000126:SSL routines::unexpected eof while reading:../ssl/record/rec_layer_s3.c:698:
SSL read failed (1) - closing connection
001C0B933A720000:error:0A000197:SSL routines:SSL_shutdown:shutdown while in init:../ssl/ssl_lib.c:2797:
SSL read failed (1) - closing connection
001C0B933A720000:error:0A000126:SSL routines::unexpected eof while reading:../ssl/record/rec_layer_s3.c:698:
SSL read failed (1) - closing connection
001C0B933A720000:error:0A000197:SSL routines:SSL_shutdown:shutdown while in init:../ssl/ssl_lib.c:2797:
SSL read failed (1) - closing connection
001C0B933A720000:error:0A000126:SSL routines::unexpected eof while reading:../ssl/record/rec_layer_s3.c:698:
SSL read failed (1) - closing connection
001C0B933A720000:error:0A000197:SSL routines:SSL_shutdown:shutdown while in init:../ssl/ssl_lib.c:2797:
SSL read failed (1) - closing connection
001C0B933A720000:error:0A000126:SSL routines::unexpected eof while reading:../ssl/record/rec_layer_s3.c:698:
SSL read failed (1) - closing connection
001C0B933A720000:error:0A000197:SSL routines:SSL_shutdown:shutdown while in init:../ssl/ssl_lib.c:2797:
SSL read failed (1) - closing connection
001C0B933A720000:error:0A000126:SSL routines::unexpected eof while reading:../ssl/record/rec_layer_s3.c:698:
SSL read failed (1) - closing connection
001C0B933A720000:error:0A000197:SSL routines:SSL_shutdown:shutdown while in init:../ssl/ssl_lib.c:2797:
SSL read failed (1) - closing connection
001C0B933A720000:error:0A000126:SSL routines::unexpected eof while reading:../ssl/record/rec_layer_s3.c:698:
SSL read failed (1) - closing connection
001C0B933A720000:error:0A000197:SSL routines:SSL_shutdown:shutdown while in init:../ssl/ssl_lib.c:2797:
001C0B933A720000:error:0A000126:SSL routines::unexpected eof while reading:../ssl/record/rec_layer_s3.c:698:
SSL read failed (1) - closing connection
001C0B933A720000:error:0A000197:SSL routines:SSL_shutdown:shutdown while in init:../ssl/ssl_lib.c:2797:
SSL read failed (1) - closing connection
001C0B933A720000:error:0A000126:SSL routines::unexpected eof while reading:../ssl/record/rec_layer_s3.c:698:
SSL read failed (1) - closing connection
001C0B933A720000:error:0A000197:SSL routines:SSL_shutdown:shutdown while in init:../ssl/ssl_lib.c:2797:
SSL read failed (1) - closing connection
001C0B933A720000:error:0A000126:SSL routines::unexpected eof while reading:../ssl/record/rec_layer_s3.c:698:
SSL read failed (1) - closing connection
001C0B933A720000:error:0A000197:SSL routines:SSL_shutdown:shutdown while in init:../ssl/ssl_lib.c:2797:
SSL read failed (1) - closing connection
001C0B933A720000:error:0A000126:SSL routines::unexpected eof while reading:../ssl/record/rec_layer_s3.c:698:
SSL read failed (1) - closing connection
001C0B933A720000:error:0A000197:SSL routines:SSL_shutdown:shutdown while in init:../ssl/ssl_lib.c:2797:
SSL read failed (1) - closing connection
001C0B933A720000:error:0A000126:SSL routines::unexpected eof while reading:../ssl/record/rec_layer_s3.c:698:
SSL read failed (1) - closing connection
001C0B933A720000:error:0A000197:SSL routines:SSL_shutdown:shutdown while in init:../ssl/ssl_lib.c:2797:
SSL read failed (1) - closing connection
001C0B933A720000:error:0A000126:SSL routines::unexpected eof while reading:../ssl/record/rec_layer_s3.c:698:
SSL read failed (1) - closing connection
001C0B933A720000:error:0A000197:SSL routines:SSL_shutdown:shutdown while in init:../ssl/ssl_lib.c:2797:
SSL read failed (1) - closing connection
001C0B933A720000:error:0A000126:SSL routines::unexpected eof while reading:../ssl/record/rec_layer_s3.c:698:
SSL read failed (1) - closing connection
001C0B933A720000:error:0A000197:SSL routines:SSL_shutdown:shutdown while in init:../ssl/ssl_lib.c:2797:
SSL read failed (1) - closing connection
001C0B933A720000:error:0A000126:SSL routines::unexpected eof while reading:../ssl/record/rec_layer_s3.c:698:
SSL read failed (1) - closing connection
001C0B933A720000:error:0A000197:SSL routines:SSL_shutdown:shutdown while in init:../ssl/ssl_lib.c:2797:
SSL read failed (1) - closing connection
001C0B933A720000:error:0A000126:SSL routines::unexpected eof while reading:../ssl/record/rec_layer_s3.c:698:
SSL read failed (1) - closing connection
001C0B933A720000:error:0A000197:SSL routines:SSL_shutdown:shutdown while in init:../ssl/ssl_lib.c:2797:
SSL read failed (1) - closing connection
001C0B933A720000:error:0A000126:SSL routines::unexpected eof while reading:../ssl/record/rec_layer_s3.c:698:
SSL read failed (1) - closing connection
001C0B933A720000:error:0A000197:SSL routines:SSL_shutdown:shutdown while in init:../ssl/ssl_lib.c:2797:
001C0B933A720000:error:0A000126:SSL routines::unexpected eof while reading:../ssl/record/rec_layer_s3.c:698:
SSL read failed (1) - closing connection
001C0B933A720000:error:0A000126:SSL routines::unexpected eof while reading:../ssl/record/rec_layer_s3.c:698:
SSL read failed (1) - closing connection
001C0B933A720000:error:0A000126:SSL routines::unexpected eof while reading:../ssl/record/rec_layer_s3.c:698:
SSL read failed (1) - closing connection
001C0B933A720000:error:0A000126:SSL routines::unexpected eof while reading:../ssl/record/rec_layer_s3.c:698:
SSL read failed (1) - closing connection
001C0B933A720000:error:0A000197:SSL routines:SSL_shutdown:shutdown while in init:../ssl/ssl_lib.c:2797:
SSL read failed (1) - closing connection
001C0B933A720000:error:0A000126:SSL routines::unexpected eof while reading:../ssl/record/rec_layer_s3.c:698:
SSL read failed (1) - closing connection
001C0B933A720000:error:0A000126:SSL routines::unexpected eof while reading:../ssl/record/rec_layer_s3.c:698:
SSL read failed (1) - closing connection
001C0B933A720000:error:0A000126:SSL routines::unexpected eof while reading:../ssl/record/rec_layer_s3.c:698:
SSL read failed (1) - closing connection
001C0B933A720000:error:0A000197:SSL routines:SSL_shutdown:shutdown while in init:../ssl/ssl_lib.c:2797:
SSL read failed (1) - closing connection
001C0B933A720000:error:0A000126:SSL routines::unexpected eof while reading:../ssl/record/rec_layer_s3.c:698:
SSL read failed (1) - closing connection
001C0B933A720000:error:0A000197:SSL routines:SSL_shutdown:shutdown while in init:../ssl/ssl_lib.c:2797:
SSL read failed (1) - closing connection
001C0B933A720000:error:0A000126:SSL routines::unexpected eof while reading:../ssl/record/rec_layer_s3.c:698:
SSL read failed (1) - closing connection
001C0B933A720000:error:0A000197:SSL routines:SSL_shutdown:shutdown while in init:../ssl/ssl_lib.c:2797:
SSL read failed (1) - closing connection
001C0B933A720000:error:0A000126:SSL routines::unexpected eof while reading:../ssl/record/rec_layer_s3.c:698:
SSL read failed (1) - closing connection
001C0B933A720000:error:0A000197:SSL routines:SSL_shutdown:shutdown while in init:../ssl/ssl_lib.c:2797:
SSL read failed (1) - closing connection
001C0B933A720000:error:0A000126:SSL routines::unexpected eof while reading:../ssl/record/rec_layer_s3.c:698:
SSL read failed (1) - closing connection
001C0B933A720000:error:0A000126:SSL routines::unexpected eof while reading:../ssl/record/rec_layer_s3.c:698:
SSL read failed (1) - closing connection
001C0B933A720000:error:0A000197:SSL routines:SSL_shutdown:shutdown while in init:../ssl/ssl_lib.c:2797:
SSL read failed (1) - closing connection
001C0B933A720000:error:0A000126:SSL routines::unexpected eof while reading:../ssl/record/rec_layer_s3.c:698:
SSL read failed (1) - closing connection
001C0B933A720000:error:0A000126:SSL routines::unexpected eof while reading:../ssl/record/rec_layer_s3.c:698:
SSL read failed (1) - closing connection
001C0B933A720000:error:0A000197:SSL routines:SSL_shutdown:shutdown while in init:../ssl/ssl_lib.c:2797:
SSL read failed (1) - closing connection
001C0B933A720000:error:0A000126:SSL routines::unexpected eof while reading:../ssl/record/rec_layer_s3.c:698:
SSL read failed (1) - closing connection
001C0B933A720000:error:0A000126:SSL routines::unexpected eof while reading:../ssl/record/rec_layer_s3.c:698:
SSL read failed (1) - closing connection
001C0B933A720000:error:0A000126:SSL routines::unexpected eof while reading:../ssl/record/rec_layer_s3.c:698:
SSL read failed (1) - closing connection
001C0B933A720000:error:0A000197:SSL routines:SSL_shutdown:shutdown while in init:../ssl/ssl_lib.c:2797:
001C0B933A720000:error:0A000126:SSL routines::unexpected eof while reading:../ssl/record/rec_layer_s3.c:698:
SSL read failed (1) - closing connection
001C0B933A720000:error:0A000197:SSL routines:SSL_shutdown:shutdown while in init:../ssl/ssl_lib.c:2797:
SSL read failed (1) - closing connection
001C0B933A720000:error:0A000126:SSL routines::unexpected eof while reading:../ssl/record/rec_layer_s3.c:698:
SSL read failed (1) - closing connection
001C0B933A720000:error:0A000197:SSL routines:SSL_shutdown:shutdown while in init:../ssl/ssl_lib.c:2797:
SSL read failed (1) - closing connection
001C0B933A720000:error:0A000126:SSL routines::unexpected eof while reading:../ssl/record/rec_layer_s3.c:698:
SSL read failed (1) - closing connection
001C0B933A720000:error:0A000197:SSL routines:SSL_shutdown:shutdown while in init:../ssl/ssl_lib.c:2797:
001C0B933A720000:error:0A000126:SSL routines::unexpected eof while reading:../ssl/record/rec_layer_s3.c:698:
SSL read failed (1) - closing connection
001C0B933A720000:error:0A000197:SSL routines:SSL_shutdown:shutdown while in init:../ssl/ssl_lib.c:2797:
SSL read failed (1) - closing connection
001C0B933A720000:error:0A000126:SSL routines::unexpected eof while reading:../ssl/record/rec_layer_s3.c:698:
SSL read failed (1) - closing connection
001C0B933A720000:error:0A000197:SSL routines:SSL_shutdown:shutdown while in init:../ssl/ssl_lib.c:2797:
001C0B933A720000:error:0A000126:SSL routines::unexpected eof while reading:../ssl/record/rec_layer_s3.c:698:
SSL read failed (1) - closing connection
001C0B933A720000:error:0A000197:SSL routines:SSL_shutdown:shutdown while in init:../ssl/ssl_lib.c:2797:
SSL read failed (1) - closing connection
001C0B933A720000:error:0A000126:SSL routines::unexpected eof while reading:../ssl/record/rec_layer_s3.c:698:
SSL read failed (1) - closing connection
001C0B933A720000:error:0A000126:SSL routines::unexpected eof while reading:../ssl/record/rec_layer_s3.c:698:
SSL read failed (1) - closing connection
001C0B933A720000:error:0A000126:SSL routines::unexpected eof while reading:../ssl/record/rec_layer_s3.c:698:
SSL read failed (1) - closing connection
001C0B933A720000:error:0A000126:SSL routines::unexpected eof while reading:../ssl/record/rec_layer_s3.c:698:
SSL read failed (1) - closing connection
001C0B933A720000:error:0A000126:SSL routines::unexpected eof while reading:../ssl/record/rec_layer_s3.c:698:
SSL read failed (1) - closing connection
001C0B933A720000:error:0A000197:SSL routines:SSL_shutdown:shutdown while in init:../ssl/ssl_lib.c:2797:
Completed 500 requests
Finished 500 requests


Server Software:        Vercel
Server Hostname:        titicaca-cleantech.vercel.app
Server Port:            443
SSL/TLS Protocol:       TLSv1.3,TLS_AES_128_GCM_SHA256,2048,128
TLS Server Name:        titicaca-cleantech.vercel.app

Document Path:          /
Document Length:        0 bytes

Concurrency Level:      300
Time taken for tests:   13.897 seconds
Complete requests:      500
Failed requests:        499
   (Connect: 0, Receive: 0, Length: 499, Exceptions: 0)
Non-2xx responses:      499
Total transferred:      13626864 bytes
HTML transferred:       13355408 bytes
Requests per second:    35.98 [#/sec] (mean)
Time per request:       8338.345 [ms] (mean)
Time per request:       27.794 [ms] (mean, across all concurrent requests)
Transfer rate:          957.56 [Kbytes/sec] received

Connection Times (ms)
              min  mean[+/-sd] median   max
Connect:      202 1949 1724.2   1373    6679
Processing:     0 1877 1828.8   1229    9664
Waiting:        0 1282 1299.2    945    9637
Total:        384 3826 2648.8   3128   12668

Percentage of the requests served within a certain time (ms)
  50%   3128
  66%   4893
  75%   6057
  80%   6481
  90%   7773
  95%   8474
  98%   9132
  99%  10605
 100%  12668 (longest request)

[0;32m[INFO][0m Escenario 9 completado. Resultados en: results_data/escenario9.txt

