2026-06-14 22:26:58,759 INFO o.a.j.u.JMeterUtils: Setting Locale to en_EN
2026-06-14 22:26:58,780 INFO o.a.j.JMeter: Loading user properties from: /tmp/apache-jmeter-5.6.3/bin/user.properties
2026-06-14 22:26:58,781 INFO o.a.j.JMeter: Loading system properties from: /tmp/apache-jmeter-5.6.3/bin/system.properties
2026-06-14 22:26:58,791 INFO o.a.j.JMeter: Copyright (c) 1998-2024 The Apache Software Foundation
2026-06-14 22:26:58,791 INFO o.a.j.JMeter: Version 5.6.3
2026-06-14 22:26:58,791 INFO o.a.j.JMeter: java.version=25.0.3
2026-06-14 22:26:58,791 INFO o.a.j.JMeter: java.vm.name=OpenJDK 64-Bit Server VM
2026-06-14 22:26:58,791 INFO o.a.j.JMeter: os.name=Linux
2026-06-14 22:26:58,791 INFO o.a.j.JMeter: os.arch=amd64
2026-06-14 22:26:58,791 INFO o.a.j.JMeter: os.version=7.0.0-22-generic
2026-06-14 22:26:58,792 INFO o.a.j.JMeter: file.encoding=UTF-8
2026-06-14 22:26:58,792 INFO o.a.j.JMeter: java.awt.headless=true
2026-06-14 22:26:58,792 INFO o.a.j.JMeter: Max memory     =1073741824
2026-06-14 22:26:58,792 INFO o.a.j.JMeter: Available Processors =8
2026-06-14 22:26:58,843 INFO o.a.j.JMeter: Default Locale=English (EN)
2026-06-14 22:26:58,844 INFO o.a.j.JMeter: JMeter  Locale=English (EN)
2026-06-14 22:26:58,844 INFO o.a.j.JMeter: JMeterHome=/tmp/apache-jmeter-5.6.3
2026-06-14 22:26:58,844 INFO o.a.j.JMeter: user.dir  =/home/miguel/Documentos/titicaca-cleantech
2026-06-14 22:26:58,844 INFO o.a.j.JMeter: PWD       =/home/miguel/Documentos/titicaca-cleantech
2026-06-14 22:26:58,845 INFO o.a.j.JMeter: IP: 127.0.1.1 Name: miguel-HP-240-G8-Notebook-PC FullName: miguel-HP-240-G8-Notebook-PC
2026-06-14 22:26:58,861 INFO o.a.j.JMeter: Setting property 'jmeter.reportgenerator.outputdir' to:'/home/miguel/Documentos/titicaca-cleantech/results_data/reporte_escenario10'
2026-06-14 22:26:58,865 INFO o.a.j.s.FileServer: Default base='/home/miguel/Documentos/titicaca-cleantech'
2026-06-14 22:26:58,866 INFO o.a.j.s.FileServer: Set new base='/home/miguel/Documentos/titicaca-cleantech/results_data'
2026-06-14 22:26:59,386 INFO o.a.j.s.SaveService: Testplan (JMX) version: 2.2. Testlog (JTL) version: 2.2
2026-06-14 22:26:59,429 INFO o.a.j.s.SaveService: Using SaveService properties version 5.0
2026-06-14 22:26:59,434 INFO o.a.j.s.SaveService: Using SaveService properties file encoding UTF-8
2026-06-14 22:26:59,439 INFO o.a.j.s.SaveService: Loading file: /home/miguel/Documentos/titicaca-cleantech/results_data/escenario10.jmx
2026-06-14 22:26:59,530 INFO o.a.j.p.h.s.HTTPSamplerBase: Parser for text/html is org.apache.jmeter.protocol.http.parser.LagartoBasedHtmlParser
2026-06-14 22:26:59,531 INFO o.a.j.p.h.s.HTTPSamplerBase: Parser for application/xhtml+xml is org.apache.jmeter.protocol.http.parser.LagartoBasedHtmlParser
2026-06-14 22:26:59,531 INFO o.a.j.p.h.s.HTTPSamplerBase: Parser for application/xml is org.apache.jmeter.protocol.http.parser.LagartoBasedHtmlParser
2026-06-14 22:26:59,531 INFO o.a.j.p.h.s.HTTPSamplerBase: Parser for text/xml is org.apache.jmeter.protocol.http.parser.LagartoBasedHtmlParser
2026-06-14 22:26:59,531 INFO o.a.j.p.h.s.HTTPSamplerBase: Parser for text/vnd.wap.wml is org.apache.jmeter.protocol.http.parser.RegexpHTMLParser
2026-06-14 22:26:59,531 INFO o.a.j.p.h.s.HTTPSamplerBase: Parser for text/css is org.apache.jmeter.protocol.http.parser.CssParser
2026-06-14 22:26:59,582 INFO o.a.j.JMeter: Creating summariser <summary>
2026-06-14 22:26:59,588 INFO o.a.j.r.d.ReportGenerator: ReportGenerator will use for Parsing the separator: ','
2026-06-14 22:26:59,588 INFO o.a.j.r.d.ReportGenerator: Will generate report at end of test from  results file: /home/miguel/Documentos/titicaca-cleantech/results_data/escenario10.jtl
2026-06-14 22:26:59,589 INFO o.a.j.r.d.ReportGenerator: Reading report generator properties from: /tmp/apache-jmeter-5.6.3/bin/reportgenerator.properties
2026-06-14 22:26:59,589 INFO o.a.j.r.d.ReportGenerator: Merging with JMeter properties
2026-06-14 22:26:59,596 INFO o.a.j.r.c.ReportGeneratorConfiguration: Property 'jmeter.reportgenerator.temp_dir' not found, using default value 'temp' instead.
2026-06-14 22:26:59,600 INFO o.a.j.r.c.ReportGeneratorConfiguration: Property 'jmeter.reportgenerator.apdex_per_transaction' not found, using default value 'null' instead.
2026-06-14 22:26:59,601 INFO o.a.j.r.c.ReportGeneratorConfiguration: apdex_per_transaction is empty, not APDEX per transaction customization
2026-06-14 22:26:59,601 INFO o.a.j.r.c.ReportGeneratorConfiguration: Property 'jmeter.reportgenerator.sample_filter' not found, using default value 'null' instead.
2026-06-14 22:26:59,601 INFO o.a.j.r.c.ReportGeneratorConfiguration: Property 'jmeter.reportgenerator.report_title' not found, using default value 'null' instead.
2026-06-14 22:26:59,601 INFO o.a.j.r.c.ReportGeneratorConfiguration: Property 'jmeter.reportgenerator.start_date' not found, using default value 'null' instead.
2026-06-14 22:26:59,601 INFO o.a.j.r.c.ReportGeneratorConfiguration: Property 'jmeter.reportgenerator.end_date' not found, using default value 'null' instead.
2026-06-14 22:26:59,601 INFO o.a.j.r.c.ReportGeneratorConfiguration: Property 'jmeter.reportgenerator.date_format' not found, using default value 'null' instead.
2026-06-14 22:26:59,602 INFO o.a.j.r.c.ReportGeneratorConfiguration: Will use date range start date: null, end date: null
2026-06-14 22:26:59,608 INFO o.a.j.r.c.ReportGeneratorConfiguration: Property 'jmeter.reportgenerator.graph.totalTPS.exclude_controllers' not found, using default value 'false' instead.
2026-06-14 22:26:59,608 INFO o.a.j.r.c.ReportGeneratorConfiguration: Property 'jmeter.reportgenerator.graph.activeThreadsOverTime.exclude_controllers' not found, using default value 'false' instead.
2026-06-14 22:26:59,608 INFO o.a.j.r.c.ReportGeneratorConfiguration: Property 'jmeter.reportgenerator.graph.timeVsThreads.exclude_controllers' not found, using default value 'false' instead.
2026-06-14 22:26:59,609 INFO o.a.j.r.c.ReportGeneratorConfiguration: Property 'jmeter.reportgenerator.graph.responseTimeDistribution.exclude_controllers' not found, using default value 'false' instead.
2026-06-14 22:26:59,609 INFO o.a.j.r.c.ReportGeneratorConfiguration: Property 'jmeter.reportgenerator.graph.transactionsPerSecond.exclude_controllers' not found, using default value 'false' instead.
2026-06-14 22:26:59,609 INFO o.a.j.r.c.ReportGeneratorConfiguration: Property 'jmeter.reportgenerator.graph.responseTimePercentiles.exclude_controllers' not found, using default value 'false' instead.
2026-06-14 22:26:59,610 INFO o.a.j.r.c.ReportGeneratorConfiguration: Property 'jmeter.reportgenerator.graph.responseTimePercentilesOverTime.exclude_controllers' not found, using default value 'false' instead.
2026-06-14 22:26:59,610 INFO o.a.j.r.c.ReportGeneratorConfiguration: Property 'jmeter.reportgenerator.graph.responseTimesOverTime.exclude_controllers' not found, using default value 'false' instead.
2026-06-14 22:26:59,610 INFO o.a.j.r.c.ReportGeneratorConfiguration: Property 'jmeter.reportgenerator.graph.connectTimeOverTime.exclude_controllers' not found, using default value 'false' instead.
2026-06-14 22:26:59,610 INFO o.a.j.r.c.ReportGeneratorConfiguration: Property 'jmeter.reportgenerator.graph.latenciesOverTime.exclude_controllers' not found, using default value 'false' instead.
2026-06-14 22:26:59,612 INFO o.a.j.r.c.ReportGeneratorConfiguration: Property 'jmeter.reportgenerator.exporter.json.filters_only_sample_series' not found, using default value 'true' instead.
2026-06-14 22:26:59,612 INFO o.a.j.r.c.ReportGeneratorConfiguration: Property 'jmeter.reportgenerator.exporter.json.series_filter' not found, using default value '' instead.
2026-06-14 22:26:59,612 INFO o.a.j.r.c.ReportGeneratorConfiguration: Property 'jmeter.reportgenerator.exporter.json.show_controllers_only' not found, using default value 'false' instead.
2026-06-14 22:26:59,613 INFO o.a.j.r.c.ReportGeneratorConfiguration: Property 'jmeter.reportgenerator.exporter.html.filters_only_sample_series' not found, using default value 'true' instead.
2026-06-14 22:26:59,613 INFO o.a.j.r.c.ReportGeneratorConfiguration: Property 'jmeter.reportgenerator.exporter.html.series_filter' not found, using default value '' instead.
2026-06-14 22:26:59,613 INFO o.a.j.r.c.ReportGeneratorConfiguration: Property 'jmeter.reportgenerator.exporter.html.show_controllers_only' not found, using default value 'false' instead.
2026-06-14 22:26:59,639 INFO o.a.j.e.StandardJMeterEngine: Running the test!
2026-06-14 22:26:59,640 INFO o.a.j.s.SampleEvent: List of sample_variables: []
2026-06-14 22:26:59,640 INFO o.a.j.s.SampleEvent: List of sample_variables: []
2026-06-14 22:26:59,648 INFO o.a.j.e.u.CompoundVariable: Note: Function class names must contain the string: '.functions.'
2026-06-14 22:26:59,648 INFO o.a.j.e.u.CompoundVariable: Note: Function class names must not contain the string: '.gui.'
2026-06-14 22:26:59,759 INFO o.a.j.JMeter: Running test (1781494019759)
2026-06-14 22:26:59,794 INFO o.a.j.e.StandardJMeterEngine: Starting ThreadGroup: 1 : 20 Usuarios - Flujo Completo
2026-06-14 22:26:59,795 INFO o.a.j.e.StandardJMeterEngine: Starting 20 threads for group 20 Usuarios - Flujo Completo.
2026-06-14 22:26:59,795 INFO o.a.j.e.StandardJMeterEngine: Thread will continue on error
2026-06-14 22:26:59,795 INFO o.a.j.t.ThreadGroup: Starting thread group... number=1 threads=20 ramp-up=30 delayedStart=false
2026-06-14 22:26:59,809 INFO o.a.j.s.SampleResult: Note: Sample TimeStamps are START times
2026-06-14 22:26:59,810 INFO o.a.j.s.SampleResult: sampleresult.default.encoding is set to UTF-8
2026-06-14 22:26:59,810 INFO o.a.j.s.SampleResult: sampleresult.useNanoTime=true
2026-06-14 22:26:59,810 INFO o.a.j.s.SampleResult: sampleresult.nanoThreadSleep=5000
2026-06-14 22:26:59,811 INFO o.a.j.t.JMeterThread: Thread started: 20 Usuarios - Flujo Completo 1-1
2026-06-14 22:26:59,831 INFO o.a.j.t.ThreadGroup: Started thread group number 1
2026-06-14 22:26:59,831 INFO o.a.j.e.StandardJMeterEngine: All thread groups have been started
2026-06-14 22:26:59,843 INFO o.a.j.p.h.s.HTTPHCAbstractImpl: Local host = miguel-HP-240-G8-Notebook-PC
2026-06-14 22:26:59,853 INFO o.a.j.p.h.s.HTTPHC4Impl: HTTP request retry count = 0
2026-06-14 22:27:00,026 INFO o.a.j.p.h.s.h.LazyLayeredConnectionSocketFactory: Setting up HTTPS TrustAll Socket Factory
2026-06-14 22:27:00,034 INFO o.a.j.u.JsseSSLManager: Using default SSL protocol: TLS
2026-06-14 22:27:00,034 INFO o.a.j.u.JsseSSLManager: SSL session context: per-thread
2026-06-14 22:27:00,137 INFO o.a.j.u.SSLManager: JmeterKeyStore Location:  type JKS
2026-06-14 22:27:00,142 INFO o.a.j.u.SSLManager: KeyStore created OK
2026-06-14 22:27:00,142 WARN o.a.j.u.SSLManager: Keystore file not found, loading empty keystore
2026-06-14 22:27:00,951 INFO o.a.j.r.Summariser: summary +      1 in 00:00:01 =    0.8/s Avg:  1008 Min:  1008 Max:  1008 Err:     1 (100.00%) Active: 1 Started: 1 Finished: 0
2026-06-14 22:27:01,306 INFO o.a.j.t.JMeterThread: Thread started: 20 Usuarios - Flujo Completo 1-2
2026-06-14 22:27:02,482 INFO o.a.j.t.JMeterThread: Thread is done: 20 Usuarios - Flujo Completo 1-1
2026-06-14 22:27:02,482 INFO o.a.j.t.JMeterThread: Thread finished: 20 Usuarios - Flujo Completo 1-1
2026-06-14 22:27:02,804 INFO o.a.j.t.JMeterThread: Thread started: 20 Usuarios - Flujo Completo 1-3
2026-06-14 22:27:03,035 INFO o.a.j.t.JMeterThread: Thread is done: 20 Usuarios - Flujo Completo 1-2
2026-06-14 22:27:03,035 INFO o.a.j.t.JMeterThread: Thread finished: 20 Usuarios - Flujo Completo 1-2
2026-06-14 22:27:04,304 INFO o.a.j.t.JMeterThread: Thread started: 20 Usuarios - Flujo Completo 1-4
2026-06-14 22:27:04,542 INFO o.a.j.t.JMeterThread: Thread is done: 20 Usuarios - Flujo Completo 1-3
2026-06-14 22:27:04,542 INFO o.a.j.t.JMeterThread: Thread finished: 20 Usuarios - Flujo Completo 1-3
2026-06-14 22:27:05,756 INFO o.a.j.t.JMeterThread: Thread is done: 20 Usuarios - Flujo Completo 1-4
2026-06-14 22:27:05,756 INFO o.a.j.t.JMeterThread: Thread finished: 20 Usuarios - Flujo Completo 1-4
2026-06-14 22:27:05,800 INFO o.a.j.t.JMeterThread: Thread started: 20 Usuarios - Flujo Completo 1-5
2026-06-14 22:27:07,096 INFO o.a.j.t.JMeterThread: Thread is done: 20 Usuarios - Flujo Completo 1-5
2026-06-14 22:27:07,096 INFO o.a.j.t.JMeterThread: Thread finished: 20 Usuarios - Flujo Completo 1-5
2026-06-14 22:27:07,299 INFO o.a.j.t.JMeterThread: Thread started: 20 Usuarios - Flujo Completo 1-6
2026-06-14 22:27:08,711 INFO o.a.j.t.JMeterThread: Thread is done: 20 Usuarios - Flujo Completo 1-6
2026-06-14 22:27:08,711 INFO o.a.j.t.JMeterThread: Thread finished: 20 Usuarios - Flujo Completo 1-6
2026-06-14 22:27:08,799 INFO o.a.j.t.JMeterThread: Thread started: 20 Usuarios - Flujo Completo 1-7
2026-06-14 22:27:10,299 INFO o.a.j.t.JMeterThread: Thread started: 20 Usuarios - Flujo Completo 1-8
2026-06-14 22:27:10,349 INFO o.a.j.t.JMeterThread: Thread is done: 20 Usuarios - Flujo Completo 1-7
2026-06-14 22:27:10,349 INFO o.a.j.t.JMeterThread: Thread finished: 20 Usuarios - Flujo Completo 1-7
2026-06-14 22:27:11,718 INFO o.a.j.t.JMeterThread: Thread is done: 20 Usuarios - Flujo Completo 1-8
2026-06-14 22:27:11,718 INFO o.a.j.t.JMeterThread: Thread finished: 20 Usuarios - Flujo Completo 1-8
2026-06-14 22:27:11,799 INFO o.a.j.t.JMeterThread: Thread started: 20 Usuarios - Flujo Completo 1-9
2026-06-14 22:27:13,135 INFO o.a.j.t.JMeterThread: Thread is done: 20 Usuarios - Flujo Completo 1-9
2026-06-14 22:27:13,135 INFO o.a.j.t.JMeterThread: Thread finished: 20 Usuarios - Flujo Completo 1-9
2026-06-14 22:27:13,299 INFO o.a.j.t.JMeterThread: Thread started: 20 Usuarios - Flujo Completo 1-10
2026-06-14 22:27:14,693 INFO o.a.j.t.JMeterThread: Thread is done: 20 Usuarios - Flujo Completo 1-10
2026-06-14 22:27:14,694 INFO o.a.j.t.JMeterThread: Thread finished: 20 Usuarios - Flujo Completo 1-10
2026-06-14 22:27:14,798 INFO o.a.j.t.JMeterThread: Thread started: 20 Usuarios - Flujo Completo 1-11
2026-06-14 22:27:16,186 INFO o.a.j.t.JMeterThread: Thread is done: 20 Usuarios - Flujo Completo 1-11
2026-06-14 22:27:16,187 INFO o.a.j.t.JMeterThread: Thread finished: 20 Usuarios - Flujo Completo 1-11
2026-06-14 22:27:16,298 INFO o.a.j.t.JMeterThread: Thread started: 20 Usuarios - Flujo Completo 1-12
2026-06-14 22:27:17,781 INFO o.a.j.t.JMeterThread: Thread is done: 20 Usuarios - Flujo Completo 1-12
2026-06-14 22:27:17,782 INFO o.a.j.t.JMeterThread: Thread finished: 20 Usuarios - Flujo Completo 1-12
2026-06-14 22:27:17,797 INFO o.a.j.t.JMeterThread: Thread started: 20 Usuarios - Flujo Completo 1-13
2026-06-14 22:27:19,297 INFO o.a.j.t.JMeterThread: Thread started: 20 Usuarios - Flujo Completo 1-14
2026-06-14 22:27:20,212 INFO o.a.j.t.JMeterThread: Thread is done: 20 Usuarios - Flujo Completo 1-13
2026-06-14 22:27:20,212 INFO o.a.j.t.JMeterThread: Thread finished: 20 Usuarios - Flujo Completo 1-13
2026-06-14 22:27:20,711 INFO o.a.j.t.JMeterThread: Thread is done: 20 Usuarios - Flujo Completo 1-14
2026-06-14 22:27:20,711 INFO o.a.j.t.JMeterThread: Thread finished: 20 Usuarios - Flujo Completo 1-14
2026-06-14 22:27:20,798 INFO o.a.j.t.JMeterThread: Thread started: 20 Usuarios - Flujo Completo 1-15
2026-06-14 22:27:22,219 INFO o.a.j.t.JMeterThread: Thread is done: 20 Usuarios - Flujo Completo 1-15
2026-06-14 22:27:22,220 INFO o.a.j.t.JMeterThread: Thread finished: 20 Usuarios - Flujo Completo 1-15
2026-06-14 22:27:22,299 INFO o.a.j.t.JMeterThread: Thread started: 20 Usuarios - Flujo Completo 1-16
2026-06-14 22:27:23,798 INFO o.a.j.t.JMeterThread: Thread started: 20 Usuarios - Flujo Completo 1-17
2026-06-14 22:27:23,986 INFO o.a.j.t.JMeterThread: Thread is done: 20 Usuarios - Flujo Completo 1-16
2026-06-14 22:27:23,986 INFO o.a.j.t.JMeterThread: Thread finished: 20 Usuarios - Flujo Completo 1-16
2026-06-14 22:27:25,298 INFO o.a.j.t.JMeterThread: Thread started: 20 Usuarios - Flujo Completo 1-18
2026-06-14 22:27:25,399 INFO o.a.j.t.JMeterThread: Thread is done: 20 Usuarios - Flujo Completo 1-17
2026-06-14 22:27:25,399 INFO o.a.j.t.JMeterThread: Thread finished: 20 Usuarios - Flujo Completo 1-17
2026-06-14 22:27:26,792 INFO o.a.j.t.JMeterThread: Thread is done: 20 Usuarios - Flujo Completo 1-18
2026-06-14 22:27:26,792 INFO o.a.j.t.JMeterThread: Thread finished: 20 Usuarios - Flujo Completo 1-18
2026-06-14 22:27:26,798 INFO o.a.j.t.JMeterThread: Thread started: 20 Usuarios - Flujo Completo 1-19
2026-06-14 22:27:28,091 INFO o.a.j.t.JMeterThread: Thread is done: 20 Usuarios - Flujo Completo 1-19
2026-06-14 22:27:28,091 INFO o.a.j.t.JMeterThread: Thread finished: 20 Usuarios - Flujo Completo 1-19
2026-06-14 22:27:28,297 INFO o.a.j.t.JMeterThread: Thread started: 20 Usuarios - Flujo Completo 1-20
2026-06-14 22:27:29,756 INFO o.a.j.t.JMeterThread: Thread is done: 20 Usuarios - Flujo Completo 1-20
2026-06-14 22:27:29,756 INFO o.a.j.t.JMeterThread: Thread finished: 20 Usuarios - Flujo Completo 1-20
2026-06-14 22:27:29,756 INFO o.a.j.e.StandardJMeterEngine: Notifying test listeners of end of test
2026-06-14 22:27:29,757 INFO o.a.j.r.Summariser: summary +     79 in 00:00:29 =    2.7/s Avg:   385 Min:   296 Max:  1423 Err:    79 (100.00%) Active: 0 Started: 20 Finished: 20
2026-06-14 22:27:29,757 INFO o.a.j.r.Summariser: summary =     80 in 00:00:30 =    2.7/s Avg:   392 Min:   296 Max:  1423 Err:    80 (100.00%)
2026-06-14 22:27:29,758 INFO o.a.j.JMeter: Generating Dashboard
2026-06-14 22:27:29,758 INFO o.a.j.r.d.ReportGenerator: Flushing result collector before report Generation
2026-06-14 22:27:29,780 INFO o.a.j.r.p.NormalizerSampleConsumer: Using format, 'ms', to parse timeStamp field
2026-06-14 22:27:29,902 INFO o.a.j.r.p.AbstractSampleConsumer: class org.apache.jmeter.report.processor.AggregateConsumer#stopProducing(): beginDate produced 0 samples
2026-06-14 22:27:29,902 INFO o.a.j.r.p.AbstractSampleConsumer: class org.apache.jmeter.report.processor.AggregateConsumer#stopProducing(): endDate produced 0 samples
2026-06-14 22:27:29,904 INFO o.a.j.r.p.AbstractSampleConsumer: class org.apache.jmeter.report.processor.ApdexSummaryConsumer#stopProducing(): apdexSummary produced 0 samples
2026-06-14 22:27:29,905 INFO o.a.j.r.p.AbstractSampleConsumer: class org.apache.jmeter.report.processor.RequestsSummaryConsumer#stopProducing(): requestsSummary produced 0 samples
2026-06-14 22:27:29,911 INFO o.a.j.r.p.AbstractSampleConsumer: class org.apache.jmeter.report.processor.StatisticsSummaryConsumer#stopProducing(): statisticsSummary produced 0 samples
2026-06-14 22:27:29,913 INFO o.a.j.r.p.AbstractSampleConsumer: class org.apache.jmeter.report.processor.Top5ErrorsBySamplerConsumer#stopProducing(): top5ErrorsBySampler produced 0 samples
2026-06-14 22:27:29,914 INFO o.a.j.r.p.AbstractSampleConsumer: class org.apache.jmeter.report.processor.ErrorsSummaryConsumer#stopProducing(): errorsSummary produced 0 samples
2026-06-14 22:27:29,914 INFO o.a.j.r.p.AbstractSampleConsumer: class org.apache.jmeter.report.processor.graph.impl.HitsPerSecondGraphConsumer#stopProducing(): hitsPerSecond produced 0 samples
2026-06-14 22:27:29,930 INFO o.a.j.r.p.AbstractSampleConsumer: class org.apache.jmeter.report.processor.graph.impl.LatencyVSRequestGraphConsumer#stopProducing(): latencyVsRequest produced 0 samples
2026-06-14 22:27:29,930 INFO o.a.j.r.p.AbstractSampleConsumer: class org.apache.jmeter.report.processor.graph.impl.SyntheticResponseTimeDistributionGraphConsumer#stopProducing(): syntheticResponseTimeDistribution produced 0 samples
2026-06-14 22:27:29,930 INFO o.a.j.r.p.AbstractSampleConsumer: class org.apache.jmeter.report.processor.graph.impl.BytesThroughputGraphConsumer#stopProducing(): bytesThroughputOverTime produced 0 samples
2026-06-14 22:27:29,930 INFO o.a.j.r.p.AbstractSampleConsumer: class org.apache.jmeter.report.processor.graph.impl.CodesPerSecondGraphConsumer#stopProducing(): codesPerSecond produced 0 samples
2026-06-14 22:27:29,935 INFO o.a.j.r.p.AbstractSampleConsumer: class org.apache.jmeter.report.processor.graph.impl.ResponseTimeVSRequestGraphConsumer#stopProducing(): responseTimeVsRequest produced 0 samples
2026-06-14 22:27:29,936 INFO o.a.j.r.p.AbstractSampleConsumer: class org.apache.jmeter.report.processor.FilterConsumer#stopProducing(): startIntervalControlerFilter produced 560 samples
2026-06-14 22:27:29,936 INFO o.a.j.r.p.AbstractSampleConsumer: class org.apache.jmeter.report.processor.graph.impl.TotalTPSGraphConsumer#stopProducing(): totalTPS produced 0 samples
2026-06-14 22:27:29,936 INFO o.a.j.r.p.AbstractSampleConsumer: class org.apache.jmeter.report.processor.graph.impl.ActiveThreadsGraphConsumer#stopProducing(): activeThreadsOverTime produced 0 samples
2026-06-14 22:27:29,936 INFO o.a.j.r.p.AbstractSampleConsumer: class org.apache.jmeter.report.processor.graph.impl.TimeVSThreadGraphConsumer#stopProducing(): timeVsThreads produced 0 samples
2026-06-14 22:27:29,936 INFO o.a.j.r.p.AbstractSampleConsumer: class org.apache.jmeter.report.processor.graph.impl.ResponseTimeDistributionGraphConsumer#stopProducing(): responseTimeDistribution produced 0 samples
2026-06-14 22:27:29,936 INFO o.a.j.r.p.AbstractSampleConsumer: class org.apache.jmeter.report.processor.graph.impl.TransactionsPerSecondGraphConsumer#stopProducing(): transactionsPerSecond produced 0 samples
2026-06-14 22:27:29,937 INFO o.a.j.r.p.AbstractSampleConsumer: class org.apache.jmeter.report.processor.graph.impl.ResponseTimePercentilesGraphConsumer#stopProducing(): responseTimePercentiles produced 0 samples
2026-06-14 22:27:29,940 INFO o.a.j.r.p.AbstractSampleConsumer: class org.apache.jmeter.report.processor.graph.impl.ResponseTimePercentilesOverTimeGraphConsumer#stopProducing(): responseTimePercentilesOverTime produced 0 samples
2026-06-14 22:27:29,940 INFO o.a.j.r.p.AbstractSampleConsumer: class org.apache.jmeter.report.processor.graph.impl.ResponseTimeOverTimeGraphConsumer#stopProducing(): responseTimesOverTime produced 0 samples
2026-06-14 22:27:29,940 INFO o.a.j.r.p.AbstractSampleConsumer: class org.apache.jmeter.report.processor.graph.impl.ConnectTimeOverTimeGraphConsumer#stopProducing(): connectTimeOverTime produced 0 samples
2026-06-14 22:27:29,940 INFO o.a.j.r.p.AbstractSampleConsumer: class org.apache.jmeter.report.processor.graph.impl.LatencyOverTimeGraphConsumer#stopProducing(): latenciesOverTime produced 0 samples
2026-06-14 22:27:29,940 INFO o.a.j.r.p.AbstractSampleConsumer: class org.apache.jmeter.report.processor.FilterConsumer#stopProducing(): nameFilter produced 1500 samples
2026-06-14 22:27:29,940 INFO o.a.j.r.p.AbstractSampleConsumer: class org.apache.jmeter.report.processor.FilterConsumer#stopProducing(): dateRangeFilter produced 300 samples
2026-06-14 22:27:29,940 INFO o.a.j.r.p.AbstractSampleConsumer: class org.apache.jmeter.report.processor.NormalizerSampleConsumer#stopProducing(): normalizer produced 100 samples
2026-06-14 22:27:29,941 INFO o.a.j.r.p.CsvFileSampleSource: produce(): 100 samples produced in 115ms on channel 0
2026-06-14 22:27:29,941 INFO o.a.j.r.d.ReportGenerator: Exporting data using exporter:'json' of className:'org.apache.jmeter.report.dashboard.JsonExporter'
2026-06-14 22:27:30,046 INFO o.a.j.r.d.JsonExporter: Found data for consumer statisticsSummary in context
2026-06-14 22:27:30,046 INFO o.a.j.r.d.JsonExporter: Creating statistics for overall
2026-06-14 22:27:30,046 INFO o.a.j.r.d.JsonExporter: Creating statistics for other transactions
2026-06-14 22:27:30,047 INFO o.a.j.r.d.JsonExporter: Checking output folder
2026-06-14 22:27:30,048 INFO o.a.j.r.d.JsonExporter: Writing statistics JSON to /home/miguel/Documentos/titicaca-cleantech/results_data/reporte_escenario10/statistics.json
2026-06-14 22:27:30,102 INFO o.a.j.r.d.ReportGenerator: Exporting data using exporter:'html' of className:'org.apache.jmeter.report.dashboard.HtmlTemplateExporter'
2026-06-14 22:27:30,106 INFO o.a.j.r.d.HtmlTemplateExporter: Will generate dashboard in folder: /home/miguel/Documentos/titicaca-cleantech/results_data/reporte_escenario10
2026-06-14 22:27:30,213 INFO o.a.j.r.d.HtmlTemplateExporter: Report will be generated in: /home/miguel/Documentos/titicaca-cleantech/results_data/reporte_escenario10, creating folder structure
2026-06-14 22:27:30,217 INFO o.a.j.r.d.TemplateVisitor: Copying folder from '/tmp/apache-jmeter-5.6.3/bin/report-template' to '/home/miguel/Documentos/titicaca-cleantech/results_data/reporte_escenario10', got message: /home/miguel/Documentos/titicaca-cleantech/results_data/reporte_escenario10, found non empty folder with following content [/home/miguel/Documentos/titicaca-cleantech/results_data/reporte_escenario10/statistics.json], will be ignored
2026-06-14 22:27:30,435 INFO o.a.j.JMeter: Dashboard generated
